TN:
SF:common/library/qcObject/utils.js
FN:23,isObjectOfTypeChecker
FN:34,generateDrawingOptionList
FNDA:4,isObjectOfTypeChecker
FNDA:6,generateDrawingOptionList
FNF:2
FNH:2
BRDA:1,0,0,1
BRDA:23,1,0,4
BRDA:24,2,0,1
BRDA:34,3,0,6
BRDA:38,4,0,1
BRDA:44,5,0,5
BRDA:48,6,0,3
BRF:7
BRH:7
DA:1,1
DA:2,1
DA:3,1
DA:4,1
DA:5,1
DA:6,1
DA:7,1
DA:8,1
DA:9,1
DA:10,1
DA:11,1
DA:12,1
DA:13,1
DA:14,1
DA:15,1
DA:16,1
DA:17,1
DA:18,1
DA:19,1
DA:20,1
DA:21,1
DA:22,1
DA:23,1
DA:24,4
DA:25,4
DA:26,4
DA:27,1
DA:28,1
DA:29,1
DA:30,1
DA:31,1
DA:32,1
DA:33,1
DA:34,1
DA:35,6
DA:36,6
DA:37,6
DA:38,6
DA:39,1
DA:40,1
DA:41,1
DA:42,1
DA:43,1
DA:44,6
DA:45,5
DA:46,5
DA:47,6
DA:48,6
DA:49,3
DA:50,3
DA:51,3
DA:52,3
DA:53,3
DA:54,3
DA:55,6
DA:56,6
LH:56
LF:56
end_of_record
SF:common/library/utils/dateTimeFormat.js
FN:22,getDateAsTimestamp
FNDA:4,getDateAsTimestamp
FNF:1
FNH:1
BRDA:1,0,0,1
BRDA:22,1,0,4
BRDA:24,2,0,2
BRDA:27,3,0,1
BRDA:28,4,0,1
BRDA:29,5,0,2
BRDA:32,6,0,0
BRF:7
BRH:6
DA:1,1
DA:2,1
DA:3,1
DA:4,1
DA:5,1
DA:6,1
DA:7,1
DA:8,1
DA:9,1
DA:10,1
DA:11,1
DA:12,1
DA:13,1
DA:14,1
DA:15,1
DA:16,1
DA:17,1
DA:18,1
DA:19,1
DA:20,1
DA:21,1
DA:22,1
DA:23,4
DA:24,4
DA:25,2
DA:26,2
DA:27,2
DA:28,2
DA:29,4
DA:30,2
DA:31,2
DA:32,4
DA:33,0
DA:34,0
DA:35,1
LH:33
LF:35
end_of_record
SF:lib/controllers/LayoutController.js
FN:42,LayoutController
FN:59,getLayoutsHandler
FN:78,getLayoutHandler
FN:101,getLayoutByNameHandler
FN:130,putLayoutHandler
FN:162,anonymous_5
FN:185,deleteLayoutHandler
FN:201,postLayoutHandler
FN:234,patchLayoutHandler
FNDA:32,LayoutController
FNDA:3,getLayoutsHandler
FNDA:3,getLayoutHandler
FNDA:3,getLayoutByNameHandler
FNDA:6,putLayoutHandler
FNDA:1,anonymous_5
FNDA:2,deleteLayoutHandler
FNDA:9,postLayoutHandler
FNDA:4,patchLayoutHandler
FNF:9
FNH:9
BRDA:1,0,0,1
BRDA:42,1,0,32
BRDA:59,2,0,3
BRDA:62,3,0,1
BRDA:64,4,0,2
BRDA:67,5,0,1
BRDA:78,6,0,3
BRDA:82,7,0,1
BRDA:84,8,0,2
BRDA:85,9,0,1
BRDA:88,10,0,1
BRDA:101,11,0,3
BRDA:104,12,0,1
BRDA:106,13,0,2
BRDA:106,14,0,1
BRDA:106,15,0,1
BRDA:108,16,0,0
BRDA:113,17,0,2
BRDA:117,18,0,0
BRDA:130,19,0,6
BRDA:133,20,0,1
BRDA:135,21,0,5
BRDA:135,22,0,1
BRDA:140,23,0,4
BRDA:144,24,0,1
BRDA:149,25,0,3
BRDA:153,26,0,0
BRDA:163,27,0,1
BRDA:163,28,0,1
BRDA:169,29,0,2
BRDA:170,30,0,1
BRDA:174,31,0,1
BRDA:162,32,0,1
BRDA:185,33,0,2
BRDA:188,34,0,1
BRDA:201,35,0,9
BRDA:204,36,0,3
BRDA:205,37,0,6
BRDA:208,38,0,0
BRDA:211,39,0,3
BRDA:214,40,0,1
BRDA:220,41,0,2
BRDA:221,42,0,1
BRDA:234,43,0,4
BRDA:236,44,0,0
BRDA:241,45,0,3
BRDA:242,46,0,1
BRDA:248,47,0,3
BRDA:251,48,0,2
BRDA:252,49,0,1
BRDA:255,50,0,2
BRDA:257,51,0,1
BRF:52
BRH:47
DA:1,1
DA:2,1
DA:3,1
DA:4,1
DA:5,1
DA:6,1
DA:7,1
DA:8,1
DA:9,1
DA:10,1
DA:11,1
DA:12,1
DA:13,1
DA:14,1
DA:15,1
DA:16,1
DA:17,1
DA:18,1
DA:19,1
DA:20,1
DA:21,1
DA:22,1
DA:23,1
DA:24,1
DA:25,1
DA:26,1
DA:27,1
DA:28,1
DA:29,1
DA:30,1
DA:31,1
DA:32,1
DA:33,1
DA:34,1
DA:35,1
DA:36,1
DA:37,1
DA:38,1
DA:39,1
DA:40,1
DA:41,1
DA:42,1
DA:43,32
DA:44,32
DA:45,32
DA:46,32
DA:47,32
DA:48,32
DA:49,32
DA:50,1
DA:51,1
DA:52,1
DA:53,1
DA:54,1
DA:55,1
DA:56,1
DA:57,1
DA:58,1
DA:59,1
DA:60,3
DA:61,3
DA:62,3
DA:63,1
DA:64,1
DA:65,2
DA:66,2
DA:67,3
DA:68,1
DA:69,1
DA:70,3
DA:71,1
DA:72,1
DA:73,1
DA:74,1
DA:75,1
DA:76,1
DA:77,1
DA:78,1
DA:79,3
DA:80,3
DA:81,3
DA:82,3
DA:83,1
DA:84,3
DA:85,2
DA:86,1
DA:87,1
DA:88,3
DA:89,1
DA:90,1
DA:91,3
DA:92,1
DA:93,1
DA:94,1
DA:95,1
DA:96,1
DA:97,1
DA:98,1
DA:99,1
DA:100,1
DA:101,1
DA:102,3
DA:103,3
DA:104,3
DA:105,1
DA:106,3
DA:107,1
DA:108,1
DA:109,0
DA:110,1
DA:111,1
DA:112,1
DA:113,1
DA:114,2
DA:115,2
DA:116,2
DA:117,3
DA:118,0
DA:119,0
DA:120,3
DA:121,1
DA:122,1
DA:123,1
DA:124,1
DA:125,1
DA:126,1
DA:127,1
DA:128,1
DA:129,1
DA:130,1
DA:131,6
DA:132,6
DA:133,6
DA:134,1
DA:135,6
DA:136,1
DA:137,1
DA:138,1
DA:139,1
DA:140,5
DA:141,4
DA:142,4
DA:143,4
DA:144,4
DA:145,1
DA:146,1
DA:147,1
DA:148,1
DA:149,4
DA:150,3
DA:151,3
DA:152,3
DA:153,3
DA:154,0
DA:155,0
DA:156,0
DA:157,0
DA:158,0
DA:159,0
DA:160,3
DA:161,3
DA:162,3
DA:163,3
DA:164,1
DA:165,1
DA:166,1
DA:167,1
DA:168,1
DA:169,1
DA:170,2
DA:171,1
DA:172,1
DA:173,4
DA:174,6
DA:175,1
DA:176,1
DA:177,6
DA:178,1
DA:179,1
DA:180,1
DA:181,1
DA:182,1
DA:183,1
DA:184,1
DA:185,1
DA:186,2
DA:187,2
DA:188,2
DA:189,1
DA:190,1
DA:191,1
DA:192,1
DA:193,2
DA:194,1
DA:195,1
DA:196,1
DA:197,1
DA:198,1
DA:199,1
DA:200,1
DA:201,1
DA:202,9
DA:203,9
DA:204,9
DA:205,9
DA:206,6
DA:207,6
DA:208,6
DA:209,6
DA:210,6
DA:211,6
DA:212,3
DA:213,3
DA:214,9
DA:215,1
DA:216,1
DA:217,1
DA:218,1
DA:219,1
DA:220,1
DA:221,2
DA:222,1
DA:223,1
DA:224,1
DA:225,1
DA:226,9
DA:227,1
DA:228,1
DA:229,1
DA:230,1
DA:231,1
DA:232,1
DA:233,1
DA:234,1
DA:235,4
DA:236,4
DA:237,0
DA:238,4
DA:239,4
DA:240,4
DA:241,4
DA:242,4
DA:243,1
DA:244,1
DA:245,1
DA:246,1
DA:247,1
DA:248,1
DA:249,3
DA:250,3
DA:251,3
DA:252,4
DA:253,1
DA:254,1
DA:255,1
DA:256,2
DA:257,2
DA:258,1
DA:259,1
DA:260,1
DA:261,1
DA:262,1
DA:263,4
DA:264,4
DA:265,1
LH:255
LF:265
end_of_record
SF:lib/controllers/StatusController.js
FN:25,StatusController
FN:38,getQCGStatus
FN:48,getFrameworkInfo
FNDA:3,StatusController
FNDA:1,getQCGStatus
FNDA:2,getFrameworkInfo
FNF:3
FNH:3
BRDA:1,0,0,1
BRDA:25,1,0,3
BRDA:38,2,0,1
BRDA:48,3,0,2
BRDA:50,4,0,1
BRDA:55,5,0,0
BRF:6
BRH:5
DA:1,1
DA:2,1
DA:3,1
DA:4,1
DA:5,1
DA:6,1
DA:7,1
DA:8,1
DA:9,1
DA:10,1
DA:11,1
DA:12,1
DA:13,1
DA:14,1
DA:15,1
DA:16,1
DA:17,1
DA:18,1
DA:19,1
DA:20,1
DA:21,1
DA:22,1
DA:23,1
DA:24,1
DA:25,1
DA:26,3
DA:27,3
DA:28,3
DA:29,3
DA:30,3
DA:31,1
DA:32,1
DA:33,1
DA:34,1
DA:35,1
DA:36,1
DA:37,1
DA:38,1
DA:39,1
DA:40,1
DA:41,1
DA:42,1
DA:43,1
DA:44,1
DA:45,1
DA:46,1
DA:47,1
DA:48,1
DA:49,2
DA:50,2
DA:51,1
DA:52,1
DA:53,1
DA:54,1
DA:55,1
DA:56,1
DA:57,1
DA:58,2
DA:59,1
LH:59
LF:59
end_of_record
SF:lib/controllers/UserController.js
FN:31,UserController
FN:48,addUserHandler
FN:71,_validateUser
FNDA:6,UserController
FNDA:6,addUserHandler
FNDA:6,_validateUser
FNF:3
FNH:3
BRDA:1,0,0,1
BRDA:31,1,0,6
BRDA:48,2,0,6
BRDA:53,3,0,1
BRDA:55,4,0,5
BRDA:71,5,0,6
BRDA:72,6,0,1
BRDA:74,7,0,5
BRDA:75,8,0,1
BRDA:77,9,0,4
BRDA:78,10,0,3
BRDA:78,11,0,1
BRDA:80,12,0,3
BRDA:81,13,0,1
BRF:14
BRH:14
DA:1,1
DA:2,1
DA:3,1
DA:4,1
DA:5,1
DA:6,1
DA:7,1
DA:8,1
DA:9,1
DA:10,1
DA:11,1
DA:12,1
DA:13,1
DA:14,1
DA:15,1
DA:16,1
DA:17,1
DA:18,1
DA:19,1
DA:20,1
DA:21,1
DA:22,1
DA:23,1
DA:24,1
DA:25,1
DA:26,1
DA:27,1
DA:28,1
DA:29,1
DA:30,1
DA:31,1
DA:32,6
DA:33,6
DA:34,6
DA:35,6
DA:36,6
DA:37,6
DA:38,6
DA:39,6
DA:40,6
DA:41,1
DA:42,1
DA:43,1
DA:44,1
DA:45,1
DA:46,1
DA:47,1
DA:48,1
DA:49,6
DA:50,6
DA:51,6
DA:52,6
DA:53,6
DA:54,1
DA:55,6
DA:56,5
DA:57,5
DA:58,5
DA:59,5
DA:60,5
DA:61,6
DA:62,1
DA:63,1
DA:64,1
DA:65,1
DA:66,1
DA:67,1
DA:68,1
DA:69,1
DA:70,1
DA:71,1
DA:72,6
DA:73,1
DA:74,1
DA:75,6
DA:76,1
DA:77,1
DA:78,6
DA:79,1
DA:80,1
DA:81,6
DA:82,1
DA:83,1
DA:84,6
DA:85,1
LH:85
LF:85
end_of_record
SF:lib/dtos/LayoutDto.js
FNF:0
FNH:0
BRDA:1,0,0,1
BRF:1
BRH:1
DA:1,1
DA:2,1
DA:3,1
DA:4,1
DA:5,1
DA:6,1
DA:7,1
DA:8,1
DA:9,1
DA:10,1
DA:11,1
DA:12,1
DA:13,1
DA:14,1
DA:15,1
DA:16,1
DA:17,1
DA:18,1
DA:19,1
DA:20,1
DA:21,1
DA:22,1
DA:23,1
DA:24,1
DA:25,1
DA:26,1
DA:27,1
DA:28,1
DA:29,1
DA:30,1
DA:31,1
DA:32,1
DA:33,1
DA:34,1
DA:35,1
DA:36,1
DA:37,1
DA:38,1
DA:39,1
DA:40,1
DA:41,1
DA:42,1
DA:43,1
DA:44,1
DA:45,1
DA:46,1
DA:47,1
DA:48,1
DA:49,1
DA:50,1
DA:51,1
LH:51
LF:51
end_of_record
SF:lib/dtos/LayoutPatchDto.js
FNF:0
FNH:0
BRDA:1,0,0,1
BRF:1
BRH:1
DA:1,1
DA:2,1
DA:3,1
DA:4,1
DA:5,1
DA:6,1
DA:7,1
DA:8,1
DA:9,1
DA:10,1
DA:11,1
DA:12,1
DA:13,1
DA:14,1
DA:15,1
DA:16,1
DA:17,1
DA:18,1
DA:19,1
LH:19
LF:19
end_of_record
SF:lib/middleware/layouts/layoutId.middleware.js
FN:26,layoutIdMiddleware
FN:34,anonymous_1
FNDA:3,layoutIdMiddleware
FNDA:3,anonymous_1
FNF:2
FNH:2
BRDA:1,0,0,1
BRDA:26,1,0,3
BRDA:34,2,0,3
BRDA:35,3,0,0
BRDA:37,4,0,1
BRDA:39,5,0,2
BRDA:40,6,0,1
BRDA:42,7,0,2
BRF:8
BRH:7
DA:1,1
DA:2,1
DA:3,1
DA:4,1
DA:5,1
DA:6,1
DA:7,1
DA:8,1
DA:9,1
DA:10,1
DA:11,1
DA:12,1
DA:13,1
DA:14,1
DA:15,1
DA:16,1
DA:17,1
DA:18,1
DA:19,1
DA:20,1
DA:21,1
DA:22,1
DA:23,1
DA:24,1
DA:25,1
DA:26,1
DA:27,3
DA:28,3
DA:29,3
DA:30,3
DA:31,3
DA:32,3
DA:33,3
DA:34,3
DA:35,3
DA:36,3
DA:37,3
DA:38,1
DA:39,1
DA:40,2
DA:41,1
DA:42,3
DA:43,2
DA:44,2
DA:45,2
DA:46,1
LH:46
LF:46
end_of_record
SF:lib/middleware/layouts/layoutOwner.middleware.js
FN:26,layoutOwnerMiddleware
FN:34,anonymous_1
FNDA:4,layoutOwnerMiddleware
FNDA:4,anonymous_1
FNF:2
FNH:2
BRDA:1,0,0,1
BRDA:26,1,0,4
BRDA:34,2,0,4
BRDA:37,3,0,0
BRDA:38,4,0,1
BRDA:39,5,0,3
BRDA:39,6,0,1
BRDA:41,7,0,3
BRDA:41,8,0,2
BRDA:41,9,0,1
BRDA:43,10,0,2
BRDA:43,11,0,1
BRDA:43,12,0,1
BRDA:45,13,0,1
BRDA:47,14,0,3
BRF:15
BRH:14
DA:1,1
DA:2,1
DA:3,1
DA:4,1
DA:5,1
DA:6,1
DA:7,1
DA:8,1
DA:9,1
DA:10,1
DA:11,1
DA:12,1
DA:13,1
DA:14,1
DA:15,1
DA:16,1
DA:17,1
DA:18,1
DA:19,1
DA:20,1
DA:21,1
DA:22,1
DA:23,1
DA:24,1
DA:25,1
DA:26,1
DA:27,4
DA:28,4
DA:29,4
DA:30,4
DA:31,4
DA:32,4
DA:33,4
DA:34,4
DA:35,4
DA:36,4
DA:37,4
DA:38,4
DA:39,4
DA:40,1
DA:41,4
DA:42,1
DA:43,3
DA:44,1
DA:45,1
DA:46,1
DA:47,4
DA:48,3
DA:49,3
DA:50,3
DA:51,1
LH:51
LF:51
end_of_record
SF:lib/middleware/layouts/layoutService.middleware.js
FN:23,layoutServiceMiddleware
FN:31,anonymous_1
FNDA:3,layoutServiceMiddleware
FNDA:3,anonymous_1
FNF:2
FNH:2
BRDA:1,0,0,1
BRDA:23,1,0,3
BRDA:31,2,0,3
BRDA:33,3,0,2
BRDA:33,4,0,2
BRDA:35,5,0,1
BRDA:37,6,0,2
BRF:7
BRH:7
DA:1,1
DA:2,1
DA:3,1
DA:4,1
DA:5,1
DA:6,1
DA:7,1
DA:8,1
DA:9,1
DA:10,1
DA:11,1
DA:12,1
DA:13,1
DA:14,1
DA:15,1
DA:16,1
DA:17,1
DA:18,1
DA:19,1
DA:20,1
DA:21,1
DA:22,1
DA:23,1
DA:24,3
DA:25,3
DA:26,3
DA:27,3
DA:28,3
DA:29,3
DA:30,3
DA:31,3
DA:32,3
DA:33,3
DA:34,2
DA:35,2
DA:36,1
DA:37,3
DA:38,2
DA:39,2
DA:40,2
DA:41,1
LH:41
LF:41
end_of_record
SF:lib/repositories/BaseRepository.js
FN:26,BaseRepository
FNDA:3,BaseRepository
FNF:1
FNH:1
BRDA:1,0,0,1
BRDA:26,1,0,3
BRF:2
BRH:2
DA:1,1
DA:2,1
DA:3,1
DA:4,1
DA:5,1
DA:6,1
DA:7,1
DA:8,1
DA:9,1
DA:10,1
DA:11,1
DA:12,1
DA:13,1
DA:14,1
DA:15,1
DA:16,1
DA:17,1
DA:18,1
DA:19,1
DA:20,1
DA:21,1
DA:22,1
DA:23,1
DA:24,1
DA:25,1
DA:26,1
DA:27,3
DA:28,3
DA:29,3
DA:30,1
LH:30
LF:30
end_of_record
SF:lib/repositories/ChartRepository.js
FN:25,getObjectById
FNDA:8,getObjectById
FNF:1
FNH:1
BRDA:1,0,0,1
BRDA:25,1,0,3
BRDA:26,2,0,1
BRDA:28,3,0,2
BRDA:30,4,0,5
BRDA:31,5,0,8
BRDA:32,6,0,1
BRDA:35,7,0,4
BRDA:36,8,0,2
BRDA:37,9,0,1
BRF:10
BRH:10
DA:1,1
DA:2,1
DA:3,1
DA:4,1
DA:5,1
DA:6,1
DA:7,1
DA:8,1
DA:9,1
DA:10,1
DA:11,1
DA:12,1
DA:13,1
DA:14,1
DA:15,1
DA:16,1
DA:17,1
DA:18,1
DA:19,1
DA:20,1
DA:21,1
DA:22,1
DA:23,1
DA:24,1
DA:25,1
DA:26,3
DA:27,1
DA:28,1
DA:29,3
DA:30,3
DA:31,5
DA:32,8
DA:33,1
DA:34,1
DA:35,8
DA:36,4
DA:37,2
DA:38,1
DA:39,3
DA:40,1
LH:40
LF:40
end_of_record
SF:lib/repositories/LayoutRepository.js
FN:26,listLayouts
FN:27,anonymous_1
FN:38,readLayoutById
FN:39,anonymous_3
FN:52,readLayoutByName
FN:65,createLayout
FN:73,anonymous_6
FN:88,updateLayout
FN:100,deleteLayout
FN:113,getObjectById
FNDA:2,listLayouts
FNDA:4,anonymous_1
FNDA:5,readLayoutById
FNDA:11,anonymous_3
FNDA:0,readLayoutByName
FNDA:4,createLayout
FNDA:3,anonymous_6
FNDA:1,updateLayout
FNDA:2,deleteLayout
FNDA:0,getObjectById
FNF:10
FNH:8
BRDA:1,0,0,1
BRDA:26,1,0,2
BRDA:27,2,0,4
BRDA:28,3,0,2
BRDA:29,4,0,0
BRDA:38,5,0,5
BRDA:40,6,0,2
BRDA:42,7,0,3
BRDA:39,8,0,11
BRDA:65,9,0,4
BRDA:66,10,0,1
BRDA:68,11,0,3
BRDA:69,12,0,1
BRDA:71,13,0,2
BRDA:74,14,0,1
BRDA:73,15,0,3
BRDA:88,16,0,1
BRDA:100,17,0,2
BRDA:104,18,0,1
BRF:19
BRH:18
DA:1,1
DA:2,1
DA:3,1
DA:4,1
DA:5,1
DA:6,1
DA:7,1
DA:8,1
DA:9,1
DA:10,1
DA:11,1
DA:12,1
DA:13,1
DA:14,1
DA:15,1
DA:16,1
DA:17,1
DA:18,1
DA:19,1
DA:20,1
DA:21,1
DA:22,1
DA:23,1
DA:24,1
DA:25,1
DA:26,1
DA:27,2
DA:28,4
DA:29,2
DA:30,2
DA:31,1
DA:32,1
DA:33,1
DA:34,1
DA:35,1
DA:36,1
DA:37,1
DA:38,1
DA:39,5
DA:40,5
DA:41,2
DA:42,2
DA:43,3
DA:44,5
DA:45,1
DA:46,1
DA:47,1
DA:48,1
DA:49,1
DA:50,1
DA:51,1
DA:52,1
DA:53,0
DA:54,0
DA:55,0
DA:56,0
DA:57,0
DA:58,0
DA:59,1
DA:60,1
DA:61,1
DA:62,1
DA:63,1
DA:64,1
DA:65,1
DA:66,4
DA:67,1
DA:68,1
DA:69,4
DA:70,1
DA:71,1
DA:72,2
DA:73,2
DA:74,4
DA:75,1
DA:76,1
DA:77,1
DA:78,1
DA:79,1
DA:80,4
DA:81,1
DA:82,1
DA:83,1
DA:84,1
DA:85,1
DA:86,1
DA:87,1
DA:88,1
DA:89,1
DA:90,1
DA:91,1
DA:92,1
DA:93,1
DA:94,1
DA:95,1
DA:96,1
DA:97,1
DA:98,1
DA:99,1
DA:100,1
DA:101,2
DA:102,2
DA:103,2
DA:104,2
DA:105,1
DA:106,2
DA:107,1
DA:108,1
DA:109,1
DA:110,1
DA:111,1
DA:112,1
DA:113,1
DA:114,0
DA:115,0
DA:116,0
DA:117,0
DA:118,0
DA:119,0
DA:120,0
DA:121,0
DA:122,0
DA:123,0
DA:124,0
DA:125,0
DA:126,0
DA:127,0
DA:128,1
LH:108
LF:128
end_of_record
SF:lib/repositories/UserRepository.js
FN:25,createUser
FN:29,anonymous_1
FN:43,_validateUser
FNDA:7,createUser
FNDA:2,anonymous_1
FNDA:7,_validateUser
FNF:3
FNH:3
BRDA:1,0,0,1
BRDA:25,1,0,7
BRDA:31,2,0,1
BRDA:29,3,0,2
BRDA:29,4,0,1
BRDA:43,5,0,7
BRDA:44,6,0,1
BRDA:46,7,0,6
BRDA:47,8,0,1
BRDA:49,9,0,5
BRDA:50,10,0,1
BRDA:52,11,0,4
BRDA:53,12,0,3
BRDA:53,13,0,1
BRDA:55,14,0,3
BRDA:56,15,0,1
BRF:16
BRH:16
DA:1,1
DA:2,1
DA:3,1
DA:4,1
DA:5,1
DA:6,1
DA:7,1
DA:8,1
DA:9,1
DA:10,1
DA:11,1
DA:12,1
DA:13,1
DA:14,1
DA:15,1
DA:16,1
DA:17,1
DA:18,1
DA:19,1
DA:20,1
DA:21,1
DA:22,1
DA:23,1
DA:24,1
DA:25,1
DA:26,7
DA:27,7
DA:28,7
DA:29,7
DA:30,7
DA:31,7
DA:32,1
DA:33,1
DA:34,1
DA:35,7
DA:36,1
DA:37,1
DA:38,1
DA:39,1
DA:40,1
DA:41,1
DA:42,1
DA:43,1
DA:44,7
DA:45,1
DA:46,1
DA:47,7
DA:48,1
DA:49,1
DA:50,7
DA:51,1
DA:52,1
DA:53,7
DA:54,1
DA:55,1
DA:56,7
DA:57,1
DA:58,1
DA:59,7
DA:60,1
LH:60
LF:60
end_of_record
SF:lib/services/ccdb/CcdbConstants.js
FNF:0
FNH:0
BRDA:1,0,0,1
BRF:1
BRH:1
DA:1,1
DA:2,1
DA:3,1
DA:4,1
DA:5,1
DA:6,1
DA:7,1
DA:8,1
DA:9,1
DA:10,1
DA:11,1
DA:12,1
DA:13,1
DA:14,1
DA:15,1
DA:16,1
DA:17,1
DA:18,1
DA:19,1
DA:20,1
DA:21,1
DA:22,1
DA:23,1
DA:24,1
DA:25,1
DA:26,1
DA:27,1
DA:28,1
DA:29,1
DA:30,1
DA:31,1
DA:32,1
DA:33,1
DA:34,1
DA:35,1
DA:36,1
DA:37,1
DA:38,1
DA:39,1
DA:40,1
DA:41,1
DA:42,1
DA:43,1
DA:44,1
DA:45,1
DA:46,1
DA:47,1
DA:48,1
DA:49,1
DA:50,1
DA:51,1
DA:52,1
DA:53,1
DA:54,1
DA:55,1
DA:56,1
DA:57,1
DA:58,1
DA:59,1
DA:60,1
DA:61,1
DA:62,1
DA:63,1
DA:64,1
DA:65,1
DA:66,1
DA:67,1
LH:67
LF:67
end_of_record
SF:lib/services/ccdb/CcdbService.js
FN:43,CcdbService
FN:57,setup
FN:83,getVersion
FN:114,getObjectsLatestVersionList
FN:132,getObjectVersions
FN:140,anonymous_5
FN:159,getObjectIdentification
FN:195,getObjectDetails
FN:205,anonymous_8
FN:223,getObjectLatestVersionInfo
FN:247,get CACHE_PREFIX
FN:255,get CACHE_REFRESH_RATE
FN:264,get PREFIX
FN:277,_parsePrefix
FN:290,_getHeadersForOneObject
FN:301,_buildCcdbUrlPath
FN:315,anonymous_16
FNDA:17,CcdbService
FNDA:1,setup
FNDA:2,getVersion
FNDA:4,getObjectsLatestVersionList
FNDA:2,getObjectVersions
FNDA:3,anonymous_5
FNDA:0,getObjectIdentification
FNDA:14,getObjectDetails
FNDA:11,anonymous_8
FNDA:7,getObjectLatestVersionInfo
FNDA:0,get CACHE_PREFIX
FNDA:0,get CACHE_REFRESH_RATE
FNDA:3,get PREFIX
FNDA:40,_parsePrefix
FNDA:3,_getHeadersForOneObject
FNDA:21,_buildCcdbUrlPath
FNDA:2,anonymous_16
FNF:17
FNH:14
BRDA:1,0,0,1
BRDA:43,1,0,17
BRDA:44,2,0,1
BRDA:45,3,0,1
BRDA:46,4,0,1
BRDA:49,5,0,1
BRDA:57,6,0,1
BRDA:61,7,0,0
BRDA:83,8,0,2
BRDA:87,9,0,1
BRDA:92,10,0,0
BRDA:94,11,0,0
BRDA:114,12,0,4
BRDA:117,13,0,2
BRDA:117,14,0,2
BRDA:119,15,0,2
BRDA:132,16,0,2
BRDA:140,17,0,3
BRDA:195,18,0,14
BRDA:196,19,0,3
BRDA:197,20,0,9
BRDA:197,21,0,5
BRDA:199,22,0,9
BRDA:202,23,0,8
BRDA:206,24,0,3
BRDA:208,25,0,5
BRDA:211,26,0,1
BRDA:205,27,0,11
BRDA:205,28,0,8
BRDA:223,29,0,7
BRDA:224,30,0,3
BRDA:225,31,0,4
BRDA:227,32,0,3
BRDA:233,33,0,1
BRDA:234,34,0,0
BRDA:236,35,0,1
BRDA:238,36,0,2
BRDA:264,37,0,3
BRDA:277,38,0,40
BRDA:278,39,0,37
BRDA:279,40,0,2
BRDA:279,41,0,35
BRDA:281,42,0,4
BRDA:281,43,0,33
BRDA:290,44,0,3
BRDA:301,45,0,21
BRDA:304,46,0,14
BRDA:307,47,0,4
BRDA:310,48,0,12
BRDA:310,49,0,12
BRDA:313,50,0,1
BRDA:315,51,0,2
BRF:52
BRH:48
DA:1,1
DA:2,1
DA:3,1
DA:4,1
DA:5,1
DA:6,1
DA:7,1
DA:8,1
DA:9,1
DA:10,1
DA:11,1
DA:12,1
DA:13,1
DA:14,1
DA:15,1
DA:16,1
DA:17,1
DA:18,1
DA:19,1
DA:20,1
DA:21,1
DA:22,1
DA:23,1
DA:24,1
DA:25,1
DA:26,1
DA:27,1
DA:28,1
DA:29,1
DA:30,1
DA:31,1
DA:32,1
DA:33,1
DA:34,1
DA:35,1
DA:36,1
DA:37,1
DA:38,1
DA:39,1
DA:40,1
DA:41,1
DA:42,1
DA:43,1
DA:44,17
DA:45,17
DA:46,17
DA:47,17
DA:48,17
DA:49,17
DA:50,17
DA:51,1
DA:52,1
DA:53,1
DA:54,1
DA:55,1
DA:56,1
DA:57,1
DA:58,1
DA:59,1
DA:60,1
DA:61,1
DA:62,0
DA:63,0
DA:64,0
DA:65,0
DA:66,0
DA:67,1
DA:68,1
DA:69,1
DA:70,1
DA:71,1
DA:72,1
DA:73,1
DA:74,1
DA:75,1
DA:76,1
DA:77,1
DA:78,1
DA:79,1
DA:80,1
DA:81,1
DA:82,1
DA:83,1
DA:84,2
DA:85,2
DA:86,2
DA:87,2
DA:88,1
DA:89,1
DA:90,1
DA:91,1
DA:92,2
DA:93,2
DA:94,2
DA:95,0
DA:96,0
DA:97,2
DA:98,1
DA:99,1
DA:100,1
DA:101,1
DA:102,1
DA:103,1
DA:104,1
DA:105,1
DA:106,1
DA:107,1
DA:108,1
DA:109,1
DA:110,1
DA:111,1
DA:112,1
DA:113,1
DA:114,1
DA:115,4
DA:116,4
DA:117,4
DA:118,4
DA:119,4
DA:120,2
DA:121,4
DA:122,1
DA:123,1
DA:124,1
DA:125,1
DA:126,1
DA:127,1
DA:128,1
DA:129,1
DA:130,1
DA:131,1
DA:132,1
DA:133,2
DA:134,2
DA:135,2
DA:136,2
DA:137,2
DA:138,2
DA:139,2
DA:140,2
DA:141,3
DA:142,3
DA:143,3
DA:144,3
DA:145,2
DA:146,2
DA:147,1
DA:148,1
DA:149,1
DA:150,1
DA:151,1
DA:152,1
DA:153,1
DA:154,1
DA:155,1
DA:156,1
DA:157,1
DA:158,1
DA:159,1
DA:160,0
DA:161,0
DA:162,0
DA:163,0
DA:164,0
DA:165,0
DA:166,0
DA:167,0
DA:168,0
DA:169,0
DA:170,0
DA:171,0
DA:172,0
DA:173,0
DA:174,0
DA:175,0
DA:176,0
DA:177,0
DA:178,0
DA:179,1
DA:180,1
DA:181,1
DA:182,1
DA:183,1
DA:184,1
DA:185,1
DA:186,1
DA:187,1
DA:188,1
DA:189,1
DA:190,1
DA:191,1
DA:192,1
DA:193,1
DA:194,1
DA:195,1
DA:196,14
DA:197,14
DA:198,5
DA:199,5
DA:200,9
DA:201,9
DA:202,14
DA:203,8
DA:204,8
DA:205,8
DA:206,8
DA:207,3
DA:208,3
DA:209,5
DA:210,5
DA:211,14
DA:212,1
DA:213,1
DA:214,14
DA:215,1
DA:216,1
DA:217,1
DA:218,1
DA:219,1
DA:220,1
DA:221,1
DA:222,1
DA:223,1
DA:224,7
DA:225,7
DA:226,4
DA:227,4
DA:228,3
DA:229,3
DA:230,3
DA:231,3
DA:232,3
DA:233,3
DA:234,7
DA:235,0
DA:236,0
DA:237,1
DA:238,7
DA:239,2
DA:240,2
DA:241,7
DA:242,1
DA:243,1
DA:244,1
DA:245,1
DA:246,1
DA:247,1
DA:248,0
DA:249,0
DA:250,1
DA:251,1
DA:252,1
DA:253,1
DA:254,1
DA:255,1
DA:256,0
DA:257,0
DA:258,1
DA:259,1
DA:260,1
DA:261,1
DA:262,1
DA:263,1
DA:264,1
DA:265,3
DA:266,3
DA:267,1
DA:268,1
DA:269,1
DA:270,1
DA:271,1
DA:272,1
DA:273,1
DA:274,1
DA:275,1
DA:276,1
DA:277,1
DA:278,40
DA:279,37
DA:280,37
DA:281,37
DA:282,37
DA:283,40
DA:284,40
DA:285,1
DA:286,1
DA:287,1
DA:288,1
DA:289,1
DA:290,1
DA:291,3
DA:292,3
DA:293,1
DA:294,1
DA:295,1
DA:296,1
DA:297,1
DA:298,1
DA:299,1
DA:300,1
DA:301,1
DA:302,21
DA:303,21
DA:304,21
DA:305,14
DA:306,14
DA:307,21
DA:308,4
DA:309,4
DA:310,21
DA:311,12
DA:312,12
DA:313,21
DA:314,1
DA:315,1
DA:316,1
DA:317,1
DA:318,21
DA:319,21
DA:320,1
LH:288
LF:320
end_of_record
SF:lib/services/JsonFileService.js
FN:28,JsonFileService
FN:41,_syncFileAndInternalState
FN:51,_readFromFile
FN:52,anonymous_3
FN:53,anonymous_4
FN:89,writeToFile
FN:110,Lock
FN:120,acquire
FN:121,anonymous_8
FN:137,release
FN:139,anonymous_10
FNDA:6,JsonFileService
FNDA:6,_syncFileAndInternalState
FNDA:6,_readFromFile
FNDA:6,anonymous_3
FNDA:6,anonymous_4
FNDA:2,writeToFile
FNDA:6,Lock
FNDA:2,acquire
FNDA:2,anonymous_8
FNDA:2,release
FNDA:2,anonymous_10
FNF:11
FNH:11
BRDA:1,0,0,1
BRDA:28,1,0,6
BRDA:41,2,0,6
BRDA:42,3,0,2
BRDA:51,4,0,6
BRDA:52,5,0,6
BRDA:53,6,0,6
BRDA:54,7,0,0
BRDA:69,8,0,4
BRDA:69,9,0,3
BRDA:69,10,0,2
BRDA:73,11,0,1
BRDA:73,12,0,1
BRDA:75,13,0,2
BRDA:89,14,0,2
BRDA:97,15,0,0
BRDA:110,16,0,6
BRDA:120,17,0,2
BRDA:121,18,0,2
BRDA:126,19,0,0
BRDA:137,20,0,2
BRDA:139,21,0,2
BRDA:141,22,0,0
BRF:23
BRH:19
DA:1,1
DA:2,1
DA:3,1
DA:4,1
DA:5,1
DA:6,1
DA:7,1
DA:8,1
DA:9,1
DA:10,1
DA:11,1
DA:12,1
DA:13,1
DA:14,1
DA:15,1
DA:16,1
DA:17,1
DA:18,1
DA:19,1
DA:20,1
DA:21,1
DA:22,1
DA:23,1
DA:24,1
DA:25,1
DA:26,1
DA:27,1
DA:28,1
DA:29,6
DA:30,6
DA:31,6
DA:32,6
DA:33,6
DA:34,6
DA:35,6
DA:36,1
DA:37,1
DA:38,1
DA:39,1
DA:40,1
DA:41,1
DA:42,6
DA:43,2
DA:44,2
DA:45,6
DA:46,1
DA:47,1
DA:48,1
DA:49,1
DA:50,1
DA:51,1
DA:52,6
DA:53,6
DA:54,6
DA:55,0
DA:56,0
DA:57,0
DA:58,0
DA:59,0
DA:60,0
DA:61,0
DA:62,0
DA:63,0
DA:64,6
DA:65,6
DA:66,6
DA:67,6
DA:68,6
DA:69,6
DA:70,2
DA:71,2
DA:72,2
DA:73,6
DA:74,1
DA:75,1
DA:76,2
DA:77,2
DA:78,2
DA:79,2
DA:80,2
DA:81,6
DA:82,6
DA:83,6
DA:84,1
DA:85,1
DA:86,1
DA:87,1
DA:88,1
DA:89,1
DA:90,2
DA:91,2
DA:92,2
DA:93,2
DA:94,2
DA:95,2
DA:96,2
DA:97,2
DA:98,0
DA:99,0
DA:100,2
DA:101,2
DA:102,2
DA:103,2
DA:104,1
DA:105,1
DA:106,1
DA:107,1
DA:108,1
DA:109,1
DA:110,1
DA:111,6
DA:112,6
DA:113,6
DA:114,1
DA:115,1
DA:116,1
DA:117,1
DA:118,1
DA:119,1
DA:120,1
DA:121,2
DA:122,2
DA:123,2
DA:124,2
DA:125,2
DA:126,2
DA:127,0
DA:128,0
DA:129,0
DA:130,2
DA:131,2
DA:132,1
DA:133,1
DA:134,1
DA:135,1
DA:136,1
DA:137,1
DA:138,2
DA:139,2
DA:140,2
DA:141,2
DA:142,0
DA:143,0
DA:144,0
DA:145,2
DA:146,2
DA:147,2
DA:148,2
DA:149,1
LH:132
LF:149
end_of_record
SF:lib/services/Status.service.js
FN:32,StatusService
FN:53,retrieveOwnStatus
FN:65,retrieveFrameworkInfo
FN:81,retrieveDataServiceStatus
FN:94,retrieveQcVersion
FN:116,set dataService
FN:125,set ws
FNDA:5,StatusService
FNDA:3,retrieveOwnStatus
FNDA:1,retrieveFrameworkInfo
FNDA:3,retrieveDataServiceStatus
FNDA:2,retrieveQcVersion
FNDA:3,set dataService
FNDA:0,set ws
FNF:7
FNH:6
BRDA:1,0,0,1
BRDA:32,1,0,5
BRDA:53,2,0,3
BRDA:56,3,0,1
BRDA:56,4,0,2
BRDA:57,5,0,0
BRDA:65,6,0,1
BRDA:81,7,0,3
BRDA:83,8,0,2
BRDA:85,9,0,1
BRDA:86,10,0,0
BRDA:94,11,0,2
BRDA:96,12,0,0
BRDA:96,13,0,0
BRDA:116,14,0,3
BRF:15
BRH:11
DA:1,1
DA:2,1
DA:3,1
DA:4,1
DA:5,1
DA:6,1
DA:7,1
DA:8,1
DA:9,1
DA:10,1
DA:11,1
DA:12,1
DA:13,1
DA:14,1
DA:15,1
DA:16,1
DA:17,1
DA:18,1
DA:19,1
DA:20,1
DA:21,1
DA:22,1
DA:23,1
DA:24,1
DA:25,1
DA:26,1
DA:27,1
DA:28,1
DA:29,1
DA:30,1
DA:31,1
DA:32,1
DA:33,5
DA:34,5
DA:35,5
DA:36,5
DA:37,5
DA:38,5
DA:39,5
DA:40,5
DA:41,5
DA:42,5
DA:43,5
DA:44,5
DA:45,5
DA:46,5
DA:47,5
DA:48,1
DA:49,1
DA:50,1
DA:51,1
DA:52,1
DA:53,1
DA:54,3
DA:55,3
DA:56,3
DA:57,3
DA:58,3
DA:59,3
DA:60,1
DA:61,1
DA:62,1
DA:63,1
DA:64,1
DA:65,1
DA:66,1
DA:67,1
DA:68,1
DA:69,1
DA:70,1
DA:71,1
DA:72,1
DA:73,1
DA:74,1
DA:75,1
DA:76,1
DA:77,1
DA:78,1
DA:79,1
DA:80,1
DA:81,1
DA:82,3
DA:83,3
DA:84,2
DA:85,3
DA:86,1
DA:87,1
DA:88,3
DA:89,1
DA:90,1
DA:91,1
DA:92,1
DA:93,1
DA:94,1
DA:95,2
DA:96,2
DA:97,0
DA:98,0
DA:99,0
DA:100,0
DA:101,0
DA:102,0
DA:103,0
DA:104,2
DA:105,2
DA:106,1
DA:107,1
DA:108,1
DA:109,1
DA:110,1
DA:111,1
DA:112,1
DA:113,1
DA:114,1
DA:115,1
DA:116,1
DA:117,3
DA:118,3
DA:119,1
DA:120,1
DA:121,1
DA:122,1
DA:123,1
DA:124,1
DA:125,1
DA:126,0
DA:127,0
DA:128,1
LH:119
LF:128
end_of_record
SF:lib/utils/utils.js
FN:28,errorHandler
FN:39,errorLogger
FN:55,httpGetJson
FN:56,anonymous_3
FN:65,requestHandler
FN:72,anonymous_5
FN:73,anonymous_6
FN:84,anonymous_7
FN:97,httpHeadJson
FN:99,anonymous_9
FN:100,anonymous_10
FN:101,anonymous_11
FNDA:5,errorHandler
FNDA:5,errorLogger
FNDA:10,httpGetJson
FNDA:10,anonymous_3
FNDA:6,requestHandler
FNDA:6,anonymous_5
FNDA:6,anonymous_6
FNDA:4,anonymous_7
FNDA:12,httpHeadJson
FNDA:12,anonymous_9
FNDA:11,anonymous_10
FNDA:1,anonymous_11
FNF:12
FNH:12
BRDA:1,0,0,1
BRDA:28,1,0,5
BRDA:39,2,0,5
BRDA:41,3,0,1
BRDA:44,4,0,4
BRDA:55,5,0,10
BRDA:56,6,0,10
BRDA:65,7,0,6
BRDA:66,8,0,0
BRDA:72,9,0,6
BRDA:73,10,0,6
BRDA:77,11,0,0
BRDA:84,12,0,4
BRDA:97,13,0,12
BRDA:99,14,0,12
BRDA:100,15,0,11
BRDA:101,16,0,1
BRF:17
BRH:15
DA:1,1
DA:2,1
DA:3,1
DA:4,1
DA:5,1
DA:6,1
DA:7,1
DA:8,1
DA:9,1
DA:10,1
DA:11,1
DA:12,1
DA:13,1
DA:14,1
DA:15,1
DA:16,1
DA:17,1
DA:18,1
DA:19,1
DA:20,1
DA:21,1
DA:22,1
DA:23,1
DA:24,1
DA:25,1
DA:26,1
DA:27,1
DA:28,1
DA:29,5
DA:30,5
DA:31,5
DA:32,1
DA:33,1
DA:34,1
DA:35,1
DA:36,1
DA:37,1
DA:38,1
DA:39,1
DA:40,5
DA:41,5
DA:42,1
DA:43,1
DA:44,5
DA:45,5
DA:46,1
DA:47,1
DA:48,1
DA:49,1
DA:50,1
DA:51,1
DA:52,1
DA:53,1
DA:54,1
DA:55,1
DA:56,10
DA:57,10
DA:58,10
DA:59,10
DA:60,10
DA:61,10
DA:62,10
DA:63,10
DA:64,10
DA:65,10
DA:66,6
DA:67,0
DA:68,0
DA:69,0
DA:70,6
DA:71,6
DA:72,6
DA:73,6
DA:74,6
DA:75,6
DA:76,6
DA:77,6
DA:78,0
DA:79,0
DA:80,6
DA:81,10
DA:82,10
DA:83,10
DA:84,10
DA:85,10
DA:86,10
DA:87,10
DA:88,1
DA:89,1
DA:90,1
DA:91,1
DA:92,1
DA:93,1
DA:94,1
DA:95,1
DA:96,1
DA:97,1
DA:98,12
DA:99,12
DA:100,12
DA:101,12
DA:102,12
DA:103,12
DA:104,12
LH:99
LF:104
end_of_record
SF:test/common/library/qcObject/utils.test.js
FN:28,commonLibraryQcObjectUtilsTestSuite
FN:29,anonymous_1
FN:30,anonymous_2
FN:37,anonymous_3
FN:44,anonymous_4
FN:53,anonymous_5
FN:54,anonymous_6
FN:59,anonymous_7
FN:64,anonymous_8
FN:68,anonymous_9
FN:72,anonymous_10
FNDA:1,commonLibraryQcObjectUtilsTestSuite
FNDA:1,anonymous_1
FNDA:1,anonymous_2
FNDA:1,anonymous_3
FNDA:1,anonymous_4
FNDA:1,anonymous_5
FNDA:1,anonymous_6
FNDA:1,anonymous_7
FNDA:1,anonymous_8
FNDA:1,anonymous_9
FNDA:1,anonymous_10
FNF:11
FNH:11
BRDA:1,0,0,1
BRDA:28,1,0,1
BRDA:29,2,0,1
BRDA:30,3,0,1
BRDA:37,4,0,1
BRDA:44,5,0,1
BRDA:53,6,0,1
BRDA:54,7,0,1
BRDA:59,8,0,1
BRDA:64,9,0,1
BRDA:68,10,0,1
BRDA:72,11,0,1
BRF:12
BRH:12
DA:1,1
DA:2,1
DA:3,1
DA:4,1
DA:5,1
DA:6,1
DA:7,1
DA:8,1
DA:9,1
DA:10,1
DA:11,1
DA:12,1
DA:13,1
DA:14,1
DA:15,1
DA:16,1
DA:17,1
DA:18,1
DA:19,1
DA:20,1
DA:21,1
DA:22,1
DA:23,1
DA:24,1
DA:25,1
DA:26,1
DA:27,1
DA:28,1
DA:29,1
DA:30,1
DA:31,1
DA:32,1
DA:33,1
DA:34,1
DA:35,1
DA:36,1
DA:37,1
DA:38,1
DA:39,1
DA:40,1
DA:41,1
DA:42,1
DA:43,1
DA:44,1
DA:45,1
DA:46,1
DA:47,1
DA:48,1
DA:49,1
DA:50,1
DA:51,1
DA:52,1
DA:53,1
DA:54,1
DA:55,1
DA:56,1
DA:57,1
DA:58,1
DA:59,1
DA:60,1
DA:61,1
DA:62,1
DA:63,1
DA:64,1
DA:65,1
DA:66,1
DA:67,1
DA:68,1
DA:69,1
DA:70,1
DA:71,1
DA:72,1
DA:73,1
DA:74,1
DA:75,1
DA:76,1
DA:77,1
DA:78,1
DA:79,1
LH:79
LF:79
end_of_record
SF:test/common/library/utils/dateTimeFormat.test.js
FN:23,commonLibraryUtilsDateTimeTestSuite
FN:24,anonymous_1
FN:25,anonymous_2
FN:30,anonymous_3
FN:35,anonymous_4
FN:40,anonymous_5
FNDA:1,commonLibraryUtilsDateTimeTestSuite
FNDA:1,anonymous_1
FNDA:1,anonymous_2
FNDA:1,anonymous_3
FNDA:1,anonymous_4
FNDA:1,anonymous_5
FNF:6
FNH:6
BRDA:1,0,0,1
BRDA:23,1,0,1
BRDA:24,2,0,1
BRDA:25,3,0,1
BRDA:30,4,0,1
BRDA:35,5,0,1
BRDA:40,6,0,1
BRF:7
BRH:7
DA:1,1
DA:2,1
DA:3,1
DA:4,1
DA:5,1
DA:6,1
DA:7,1
DA:8,1
DA:9,1
DA:10,1
DA:11,1
DA:12,1
DA:13,1
DA:14,1
DA:15,1
DA:16,1
DA:17,1
DA:18,1
DA:19,1
DA:20,1
DA:21,1
DA:22,1
DA:23,1
DA:24,1
DA:25,1
DA:26,1
DA:27,1
DA:28,1
DA:29,1
DA:30,1
DA:31,1
DA:32,1
DA:33,1
DA:34,1
DA:35,1
DA:36,1
DA:37,1
DA:38,1
DA:39,1
DA:40,1
DA:41,1
DA:42,1
DA:43,1
DA:44,1
DA:45,1
LH:45
LF:45
end_of_record
SF:test/config.js
FNF:0
FNH:0
BRDA:1,0,0,1
BRF:1
BRH:1
DA:1,1
DA:2,1
DA:3,1
DA:4,1
DA:5,1
DA:6,1
DA:7,1
DA:8,1
DA:9,1
DA:10,1
DA:11,1
DA:12,1
DA:13,1
DA:14,1
DA:15,1
DA:16,1
DA:17,1
DA:18,1
DA:19,1
DA:20,1
DA:21,1
DA:22,1
DA:23,1
DA:24,1
DA:25,1
DA:26,1
DA:27,1
DA:28,1
DA:29,1
DA:30,1
DA:31,1
DA:32,1
DA:33,1
DA:34,1
DA:35,1
DA:36,1
DA:37,1
DA:38,1
DA:39,1
DA:40,1
DA:41,1
DA:42,1
DA:43,1
DA:44,1
DA:45,1
DA:46,1
DA:47,1
LH:47
LF:47
end_of_record
SF:test/demoData/layout/layout.mock.js
FNF:0
FNH:0
BRDA:1,0,0,1
BRF:1
BRH:1
DA:1,1
DA:2,1
DA:3,1
DA:4,1
DA:5,1
DA:6,1
DA:7,1
DA:8,1
DA:9,1
DA:10,1
DA:11,1
DA:12,1
DA:13,1
DA:14,1
DA:15,1
DA:16,1
DA:17,1
DA:18,1
DA:19,1
DA:20,1
DA:21,1
DA:22,1
DA:23,1
LH:23
LF:23
end_of_record
SF:test/lib/controllers/LayoutController.test.js
FN:23,layoutControllerTestSuite
FN:24,anonymous_1
FN:25,anonymous_2
FN:27,AssertionError.message
FN:32,anonymous_4
FN:33,anonymous_5
FN:37,anonymous_6
FN:39,anonymous_7
FN:46,anonymous_8
FN:61,anonymous_9
FN:73,anonymous_10
FN:86,anonymous_11
FN:88,anonymous_12
FN:94,anonymous_13
FN:107,anonymous_14
FN:120,anonymous_15
FN:138,anonymous_16
FN:140,anonymous_17
FN:147,anonymous_18
FN:162,anonymous_19
FN:178,anonymous_20
FN:192,anonymous_21
FN:194,anonymous_22
FN:201,anonymous_23
FN:213,anonymous_24
FN:225,anonymous_25
FN:253,anonymous_26
FN:270,anonymous_27
FN:302,anonymous_28
FN:320,anonymous_29
FN:322,anonymous_30
FN:329,anonymous_31
FN:342,anonymous_32
FN:360,anonymous_33
FN:362,anonymous_34
FN:369,anonymous_35
FN:383,anonymous_36
FN:396,anonymous_37
FN:408,anonymous_38
FN:420,anonymous_39
FN:434,anonymous_40
FN:447,anonymous_41
FN:464,anonymous_42
FN:489,anonymous_43
FN:519,anonymous_44
FN:521,anonymous_45
FN:528,anonymous_46
FN:542,anonymous_47
FN:556,anonymous_48
FN:569,anonymous_49
FNDA:1,layoutControllerTestSuite
FNDA:1,anonymous_1
FNDA:1,anonymous_2
FNDA:1,AssertionError.message
FNDA:1,anonymous_4
FNDA:1,anonymous_5
FNDA:1,anonymous_6
FNDA:3,anonymous_7
FNDA:1,anonymous_8
FNDA:1,anonymous_9
FNDA:1,anonymous_10
FNDA:1,anonymous_11
FNDA:3,anonymous_12
FNDA:1,anonymous_13
FNDA:1,anonymous_14
FNDA:1,anonymous_15
FNDA:1,anonymous_16
FNDA:3,anonymous_17
FNDA:1,anonymous_18
FNDA:1,anonymous_19
FNDA:1,anonymous_20
FNDA:1,anonymous_21
FNDA:6,anonymous_22
FNDA:1,anonymous_23
FNDA:1,anonymous_24
FNDA:1,anonymous_25
FNDA:1,anonymous_26
FNDA:1,anonymous_27
FNDA:1,anonymous_28
FNDA:1,anonymous_29
FNDA:2,anonymous_30
FNDA:1,anonymous_31
FNDA:1,anonymous_32
FNDA:1,anonymous_33
FNDA:9,anonymous_34
FNDA:1,anonymous_35
FNDA:1,anonymous_36
FNDA:1,anonymous_37
FNDA:1,anonymous_38
FNDA:1,anonymous_39
FNDA:1,anonymous_40
FNDA:1,anonymous_41
FNDA:1,anonymous_42
FNDA:1,anonymous_43
FNDA:1,anonymous_44
FNDA:4,anonymous_45
FNDA:1,anonymous_46
FNDA:1,anonymous_47
FNDA:1,anonymous_48
FNDA:1,anonymous_49
FNF:50
FNH:50
BRDA:1,0,0,1
BRDA:23,1,0,1
BRDA:24,2,0,1
BRDA:25,3,0,1
BRDA:27,4,0,1
BRDA:32,5,0,1
BRDA:33,6,0,1
BRDA:37,7,0,1
BRDA:39,8,0,3
BRDA:46,9,0,1
BRDA:61,10,0,1
BRDA:73,11,0,1
BRDA:86,12,0,1
BRDA:88,13,0,3
BRDA:94,14,0,1
BRDA:107,15,0,1
BRDA:120,16,0,1
BRDA:138,17,0,1
BRDA:140,18,0,3
BRDA:147,19,0,1
BRDA:162,20,0,1
BRDA:178,21,0,1
BRDA:192,22,0,1
BRDA:194,23,0,6
BRDA:201,24,0,1
BRDA:213,25,0,1
BRDA:225,26,0,1
BRDA:253,27,0,1
BRDA:270,28,0,1
BRDA:302,29,0,1
BRDA:320,30,0,1
BRDA:322,31,0,2
BRDA:329,32,0,1
BRDA:342,33,0,1
BRDA:360,34,0,1
BRDA:362,35,0,9
BRDA:369,36,0,1
BRDA:383,37,0,1
BRDA:396,38,0,1
BRDA:408,39,0,1
BRDA:420,40,0,1
BRDA:434,41,0,1
BRDA:447,42,0,1
BRDA:464,43,0,1
BRDA:489,44,0,1
BRDA:519,45,0,1
BRDA:521,46,0,4
BRDA:528,47,0,1
BRDA:542,48,0,1
BRDA:556,49,0,1
BRDA:569,50,0,1
BRF:51
BRH:51
DA:1,1
DA:2,1
DA:3,1
DA:4,1
DA:5,1
DA:6,1
DA:7,1
DA:8,1
DA:9,1
DA:10,1
DA:11,1
DA:12,1
DA:13,1
DA:14,1
DA:15,1
DA:16,1
DA:17,1
DA:18,1
DA:19,1
DA:20,1
DA:21,1
DA:22,1
DA:23,1
DA:24,1
DA:25,1
DA:26,1
DA:27,1
DA:28,1
DA:29,1
DA:30,1
DA:31,1
DA:32,1
DA:33,1
DA:34,1
DA:35,1
DA:36,1
DA:37,1
DA:38,1
DA:39,1
DA:40,3
DA:41,3
DA:42,3
DA:43,3
DA:44,1
DA:45,1
DA:46,1
DA:47,1
DA:48,1
DA:49,1
DA:50,1
DA:51,1
DA:52,1
DA:53,1
DA:54,1
DA:55,1
DA:56,1
DA:57,1
DA:58,1
DA:59,1
DA:60,1
DA:61,1
DA:62,1
DA:63,1
DA:64,1
DA:65,1
DA:66,1
DA:67,1
DA:68,1
DA:69,1
DA:70,1
DA:71,1
DA:72,1
DA:73,1
DA:74,1
DA:75,1
DA:76,1
DA:77,1
DA:78,1
DA:79,1
DA:80,1
DA:81,1
DA:82,1
DA:83,1
DA:84,1
DA:85,1
DA:86,1
DA:87,1
DA:88,1
DA:89,3
DA:90,3
DA:91,3
DA:92,3
DA:93,1
DA:94,1
DA:95,1
DA:96,1
DA:97,1
DA:98,1
DA:99,1
DA:100,1
DA:101,1
DA:102,1
DA:103,1
DA:104,1
DA:105,1
DA:106,1
DA:107,1
DA:108,1
DA:109,1
DA:110,1
DA:111,1
DA:112,1
DA:113,1
DA:114,1
DA:115,1
DA:116,1
DA:117,1
DA:118,1
DA:119,1
DA:120,1
DA:121,1
DA:122,1
DA:123,1
DA:124,1
DA:125,1
DA:126,1
DA:127,1
DA:128,1
DA:129,1
DA:130,1
DA:131,1
DA:132,1
DA:133,1
DA:134,1
DA:135,1
DA:136,1
DA:137,1
DA:138,1
DA:139,1
DA:140,1
DA:141,3
DA:142,3
DA:143,3
DA:144,3
DA:145,1
DA:146,1
DA:147,1
DA:148,1
DA:149,1
DA:150,1
DA:151,1
DA:152,1
DA:153,1
DA:154,1
DA:155,1
DA:156,1
DA:157,1
DA:158,1
DA:159,1
DA:160,1
DA:161,1
DA:162,1
DA:163,1
DA:164,1
DA:165,1
DA:166,1
DA:167,1
DA:168,1
DA:169,1
DA:170,1
DA:171,1
DA:172,1
DA:173,1
DA:174,1
DA:175,1
DA:176,1
DA:177,1
DA:178,1
DA:179,1
DA:180,1
DA:181,1
DA:182,1
DA:183,1
DA:184,1
DA:185,1
DA:186,1
DA:187,1
DA:188,1
DA:189,1
DA:190,1
DA:191,1
DA:192,1
DA:193,1
DA:194,1
DA:195,6
DA:196,6
DA:197,6
DA:198,6
DA:199,1
DA:200,1
DA:201,1
DA:202,1
DA:203,1
DA:204,1
DA:205,1
DA:206,1
DA:207,1
DA:208,1
DA:209,1
DA:210,1
DA:211,1
DA:212,1
DA:213,1
DA:214,1
DA:215,1
DA:216,1
DA:217,1
DA:218,1
DA:219,1
DA:220,1
DA:221,1
DA:222,1
DA:223,1
DA:224,1
DA:225,1
DA:226,1
DA:227,1
DA:228,1
DA:229,1
DA:230,1
DA:231,1
DA:232,1
DA:233,1
DA:234,1
DA:235,1
DA:236,1
DA:237,1
DA:238,1
DA:239,1
DA:240,1
DA:241,1
DA:242,1
DA:243,1
DA:244,1
DA:245,1
DA:246,1
DA:247,1
DA:248,1
DA:249,1
DA:250,1
DA:251,1
DA:252,1
DA:253,1
DA:254,1
DA:255,1
DA:256,1
DA:257,1
DA:258,1
DA:259,1
DA:260,1
DA:261,1
DA:262,1
DA:263,1
DA:264,1
DA:265,1
DA:266,1
DA:267,1
DA:268,1
DA:269,1
DA:270,1
DA:271,1
DA:272,1
DA:273,1
DA:274,1
DA:275,1
DA:276,1
DA:277,1
DA:278,1
DA:279,1
DA:280,1
DA:281,1
DA:282,1
DA:283,1
DA:284,1
DA:285,1
DA:286,1
DA:287,1
DA:288,1
DA:289,1
DA:290,1
DA:291,1
DA:292,1
DA:293,1
DA:294,1
DA:295,1
DA:296,1
DA:297,1
DA:298,1
DA:299,1
DA:300,1
DA:301,1
DA:302,1
DA:303,1
DA:304,1
DA:305,1
DA:306,1
DA:307,1
DA:308,1
DA:309,1
DA:310,1
DA:311,1
DA:312,1
DA:313,1
DA:314,1
DA:315,1
DA:316,1
DA:317,1
DA:318,1
DA:319,1
DA:320,1
DA:321,1
DA:322,1
DA:323,2
DA:324,2
DA:325,2
DA:326,2
DA:327,1
DA:328,1
DA:329,1
DA:330,1
DA:331,1
DA:332,1
DA:333,1
DA:334,1
DA:335,1
DA:336,1
DA:337,1
DA:338,1
DA:339,1
DA:340,1
DA:341,1
DA:342,1
DA:343,1
DA:344,1
DA:345,1
DA:346,1
DA:347,1
DA:348,1
DA:349,1
DA:350,1
DA:351,1
DA:352,1
DA:353,1
DA:354,1
DA:355,1
DA:356,1
DA:357,1
DA:358,1
DA:359,1
DA:360,1
DA:361,1
DA:362,1
DA:363,9
DA:364,9
DA:365,9
DA:366,9
DA:367,1
DA:368,1
DA:369,1
DA:370,1
DA:371,1
DA:372,1
DA:373,1
DA:374,1
DA:375,1
DA:376,1
DA:377,1
DA:378,1
DA:379,1
DA:380,1
DA:381,1
DA:382,1
DA:383,1
DA:384,1
DA:385,1
DA:386,1
DA:387,1
DA:388,1
DA:389,1
DA:390,1
DA:391,1
DA:392,1
DA:393,1
DA:394,1
DA:395,1
DA:396,1
DA:397,1
DA:398,1
DA:399,1
DA:400,1
DA:401,1
DA:402,1
DA:403,1
DA:404,1
DA:405,1
DA:406,1
DA:407,1
DA:408,1
DA:409,1
DA:410,1
DA:411,1
DA:412,1
DA:413,1
DA:414,1
DA:415,1
DA:416,1
DA:417,1
DA:418,1
DA:419,1
DA:420,1
DA:421,1
DA:422,1
DA:423,1
DA:424,1
DA:425,1
DA:426,1
DA:427,1
DA:428,1
DA:429,1
DA:430,1
DA:431,1
DA:432,1
DA:433,1
DA:434,1
DA:435,1
DA:436,1
DA:437,1
DA:438,1
DA:439,1
DA:440,1
DA:441,1
DA:442,1
DA:443,1
DA:444,1
DA:445,1
DA:446,1
DA:447,1
DA:448,1
DA:449,1
DA:450,1
DA:451,1
DA:452,1
DA:453,1
DA:454,1
DA:455,1
DA:456,1
DA:457,1
DA:458,1
DA:459,1
DA:460,1
DA:461,1
DA:462,1
DA:463,1
DA:464,1
DA:465,1
DA:466,1
DA:467,1
DA:468,1
DA:469,1
DA:470,1
DA:471,1
DA:472,1
DA:473,1
DA:474,1
DA:475,1
DA:476,1
DA:477,1
DA:478,1
DA:479,1
DA:480,1
DA:481,1
DA:482,1
DA:483,1
DA:484,1
DA:485,1
DA:486,1
DA:487,1
DA:488,1
DA:489,1
DA:490,1
DA:491,1
DA:492,1
DA:493,1
DA:494,1
DA:495,1
DA:496,1
DA:497,1
DA:498,1
DA:499,1
DA:500,1
DA:501,1
DA:502,1
DA:503,1
DA:504,1
DA:505,1
DA:506,1
DA:507,1
DA:508,1
DA:509,1
DA:510,1
DA:511,1
DA:512,1
DA:513,1
DA:514,1
DA:515,1
DA:516,1
DA:517,1
DA:518,1
DA:519,1
DA:520,1
DA:521,1
DA:522,4
DA:523,4
DA:524,4
DA:525,4
DA:526,1
DA:527,1
DA:528,1
DA:529,1
DA:530,1
DA:531,1
DA:532,1
DA:533,1
DA:534,1
DA:535,1
DA:536,1
DA:537,1
DA:538,1
DA:539,1
DA:540,1
DA:541,1
DA:542,1
DA:543,1
DA:544,1
DA:545,1
DA:546,1
DA:547,1
DA:548,1
DA:549,1
DA:550,1
DA:551,1
DA:552,1
DA:553,1
DA:554,1
DA:555,1
DA:556,1
DA:557,1
DA:558,1
DA:559,1
DA:560,1
DA:561,1
DA:562,1
DA:563,1
DA:564,1
DA:565,1
DA:566,1
DA:567,1
DA:568,1
DA:569,1
DA:570,1
DA:571,1
DA:572,1
DA:573,1
DA:574,1
DA:575,1
DA:576,1
DA:577,1
DA:578,1
DA:579,1
DA:580,1
DA:581,1
DA:582,1
DA:583,1
DA:584,1
DA:585,1
DA:586,1
DA:587,1
DA:588,1
DA:589,1
DA:590,1
DA:591,1
LH:591
LF:591
end_of_record
SF:test/lib/controllers/StatusController.test.js
FN:21,statusControllerTestSuite
FN:22,anonymous_1
FN:23,anonymous_2
FN:49,anonymous_3
FN:69,anonymous_4
FN:70,anonymous_5
FNDA:1,statusControllerTestSuite
FNDA:1,anonymous_1
FNDA:1,anonymous_2
FNDA:1,anonymous_3
FNDA:1,anonymous_4
FNDA:1,anonymous_5
FNF:6
FNH:6
BRDA:1,0,0,1
BRDA:21,1,0,1
BRDA:22,2,0,1
BRDA:23,3,0,1
BRDA:49,4,0,1
BRDA:69,5,0,1
BRDA:70,6,0,1
BRF:7
BRH:7
DA:1,1
DA:2,1
DA:3,1
DA:4,1
DA:5,1
DA:6,1
DA:7,1
DA:8,1
DA:9,1
DA:10,1
DA:11,1
DA:12,1
DA:13,1
DA:14,1
DA:15,1
DA:16,1
DA:17,1
DA:18,1
DA:19,1
DA:20,1
DA:21,1
DA:22,1
DA:23,1
DA:24,1
DA:25,1
DA:26,1
DA:27,1
DA:28,1
DA:29,1
DA:30,1
DA:31,1
DA:32,1
DA:33,1
DA:34,1
DA:35,1
DA:36,1
DA:37,1
DA:38,1
DA:39,1
DA:40,1
DA:41,1
DA:42,1
DA:43,1
DA:44,1
DA:45,1
DA:46,1
DA:47,1
DA:48,1
DA:49,1
DA:50,1
DA:51,1
DA:52,1
DA:53,1
DA:54,1
DA:55,1
DA:56,1
DA:57,1
DA:58,1
DA:59,1
DA:60,1
DA:61,1
DA:62,1
DA:63,1
DA:64,1
DA:65,1
DA:66,1
DA:67,1
DA:68,1
DA:69,1
DA:70,1
DA:71,1
DA:72,1
DA:73,1
DA:74,1
DA:75,1
DA:76,1
DA:77,1
DA:78,1
DA:79,1
DA:80,1
DA:81,1
DA:82,1
DA:83,1
DA:84,1
DA:85,1
DA:86,1
DA:87,1
DA:88,1
DA:89,1
LH:89
LF:89
end_of_record
SF:test/lib/controllers/UserController.test.js
FN:20,userControllerTestSuite
FN:26,anonymous_1
FN:44,anonymous_2
FN:48,anonymous_3
FN:49,anonymous_4
FN:63,anonymous_5
FN:77,anonymous_6
FN:91,anonymous_7
FN:105,anonymous_8
FN:119,anonymous_9
FNDA:1,userControllerTestSuite
FNDA:6,anonymous_1
FNDA:6,anonymous_2
FNDA:1,anonymous_3
FNDA:1,anonymous_4
FNDA:1,anonymous_5
FNDA:1,anonymous_6
FNDA:1,anonymous_7
FNDA:1,anonymous_8
FNDA:1,anonymous_9
FNF:10
FNH:10
BRDA:1,0,0,1
BRDA:20,1,0,1
BRDA:26,2,0,6
BRDA:44,3,0,6
BRDA:48,4,0,1
BRDA:49,5,0,1
BRDA:63,6,0,1
BRDA:77,7,0,1
BRDA:91,8,0,1
BRDA:105,9,0,1
BRDA:119,10,0,1
BRF:11
BRH:11
DA:1,1
DA:2,1
DA:3,1
DA:4,1
DA:5,1
DA:6,1
DA:7,1
DA:8,1
DA:9,1
DA:10,1
DA:11,1
DA:12,1
DA:13,1
DA:14,1
DA:15,1
DA:16,1
DA:17,1
DA:18,1
DA:19,1
DA:20,1
DA:21,1
DA:22,1
DA:23,1
DA:24,1
DA:25,1
DA:26,1
DA:27,6
DA:28,6
DA:29,6
DA:30,6
DA:31,6
DA:32,6
DA:33,6
DA:34,6
DA:35,6
DA:36,6
DA:37,6
DA:38,6
DA:39,6
DA:40,6
DA:41,6
DA:42,1
DA:43,1
DA:44,1
DA:45,6
DA:46,1
DA:47,1
DA:48,1
DA:49,1
DA:50,1
DA:51,1
DA:52,1
DA:53,1
DA:54,1
DA:55,1
DA:56,1
DA:57,1
DA:58,1
DA:59,1
DA:60,1
DA:61,1
DA:62,1
DA:63,1
DA:64,1
DA:65,1
DA:66,1
DA:67,1
DA:68,1
DA:69,1
DA:70,1
DA:71,1
DA:72,1
DA:73,1
DA:74,1
DA:75,1
DA:76,1
DA:77,1
DA:78,1
DA:79,1
DA:80,1
DA:81,1
DA:82,1
DA:83,1
DA:84,1
DA:85,1
DA:86,1
DA:87,1
DA:88,1
DA:89,1
DA:90,1
DA:91,1
DA:92,1
DA:93,1
DA:94,1
DA:95,1
DA:96,1
DA:97,1
DA:98,1
DA:99,1
DA:100,1
DA:101,1
DA:102,1
DA:103,1
DA:104,1
DA:105,1
DA:106,1
DA:107,1
DA:108,1
DA:109,1
DA:110,1
DA:111,1
DA:112,1
DA:113,1
DA:114,1
DA:115,1
DA:116,1
DA:117,1
DA:118,1
DA:119,1
DA:120,1
DA:121,1
DA:122,1
DA:123,1
DA:124,1
DA:125,1
DA:126,1
DA:127,1
DA:128,1
DA:129,1
DA:130,1
DA:131,1
DA:132,1
LH:132
LF:132
end_of_record
SF:test/lib/middlewares/layouts/layoutId.middleware.test.js
FN:25,layoutIdMiddlewareTest
FN:26,anonymous_1
FN:27,anonymous_2
FN:48,anonymous_3
FN:71,anonymous_4
FNDA:1,layoutIdMiddlewareTest
FNDA:1,anonymous_1
FNDA:1,anonymous_2
FNDA:1,anonymous_3
FNDA:1,anonymous_4
FNF:5
FNH:5
BRDA:1,0,0,1
BRDA:25,1,0,1
BRDA:26,2,0,1
BRDA:27,3,0,1
BRDA:48,4,0,1
BRDA:71,5,0,1
BRF:6
BRH:6
DA:1,1
DA:2,1
DA:3,1
DA:4,1
DA:5,1
DA:6,1
DA:7,1
DA:8,1
DA:9,1
DA:10,1
DA:11,1
DA:12,1
DA:13,1
DA:14,1
DA:15,1
DA:16,1
DA:17,1
DA:18,1
DA:19,1
DA:20,1
DA:21,1
DA:22,1
DA:23,1
DA:24,1
DA:25,1
DA:26,1
DA:27,1
DA:28,1
DA:29,1
DA:30,1
DA:31,1
DA:32,1
DA:33,1
DA:34,1
DA:35,1
DA:36,1
DA:37,1
DA:38,1
DA:39,1
DA:40,1
DA:41,1
DA:42,1
DA:43,1
DA:44,1
DA:45,1
DA:46,1
DA:47,1
DA:48,1
DA:49,1
DA:50,1
DA:51,1
DA:52,1
DA:53,1
DA:54,1
DA:55,1
DA:56,1
DA:57,1
DA:58,1
DA:59,1
DA:60,1
DA:61,1
DA:62,1
DA:63,1
DA:64,1
DA:65,1
DA:66,1
DA:67,1
DA:68,1
DA:69,1
DA:70,1
DA:71,1
DA:72,1
DA:73,1
DA:74,1
DA:75,1
DA:76,1
DA:77,1
DA:78,1
DA:79,1
DA:80,1
DA:81,1
DA:82,1
DA:83,1
DA:84,1
DA:85,1
LH:85
LF:85
end_of_record
SF:test/lib/middlewares/layouts/layoutOwner.middleware.test.js
FN:24,layoutOwnerMiddlewareTest
FN:25,anonymous_1
FN:26,anonymous_2
FN:51,anonymous_3
FN:77,anonymous_4
FN:104,anonymous_5
FNDA:1,layoutOwnerMiddlewareTest
FNDA:1,anonymous_1
FNDA:1,anonymous_2
FNDA:1,anonymous_3
FNDA:1,anonymous_4
FNDA:1,anonymous_5
FNF:6
FNH:6
BRDA:1,0,0,1
BRDA:24,1,0,1
BRDA:25,2,0,1
BRDA:26,3,0,1
BRDA:51,4,0,1
BRDA:77,5,0,1
BRDA:104,6,0,1
BRF:7
BRH:7
DA:1,1
DA:2,1
DA:3,1
DA:4,1
DA:5,1
DA:6,1
DA:7,1
DA:8,1
DA:9,1
DA:10,1
DA:11,1
DA:12,1
DA:13,1
DA:14,1
DA:15,1
DA:16,1
DA:17,1
DA:18,1
DA:19,1
DA:20,1
DA:21,1
DA:22,1
DA:23,1
DA:24,1
DA:25,1
DA:26,1
DA:27,1
DA:28,1
DA:29,1
DA:30,1
DA:31,1
DA:32,1
DA:33,1
DA:34,1
DA:35,1
DA:36,1
DA:37,1
DA:38,1
DA:39,1
DA:40,1
DA:41,1
DA:42,1
DA:43,1
DA:44,1
DA:45,1
DA:46,1
DA:47,1
DA:48,1
DA:49,1
DA:50,1
DA:51,1
DA:52,1
DA:53,1
DA:54,1
DA:55,1
DA:56,1
DA:57,1
DA:58,1
DA:59,1
DA:60,1
DA:61,1
DA:62,1
DA:63,1
DA:64,1
DA:65,1
DA:66,1
DA:67,1
DA:68,1
DA:69,1
DA:70,1
DA:71,1
DA:72,1
DA:73,1
DA:74,1
DA:75,1
DA:76,1
DA:77,1
DA:78,1
DA:79,1
DA:80,1
DA:81,1
DA:82,1
DA:83,1
DA:84,1
DA:85,1
DA:86,1
DA:87,1
DA:88,1
DA:89,1
DA:90,1
DA:91,1
DA:92,1
DA:93,1
DA:94,1
DA:95,1
DA:96,1
DA:97,1
DA:98,1
DA:99,1
DA:100,1
DA:101,1
DA:102,1
DA:103,1
DA:104,1
DA:105,1
DA:106,1
DA:107,1
DA:108,1
DA:109,1
DA:110,1
DA:111,1
DA:112,1
DA:113,1
DA:114,1
DA:115,1
DA:116,1
DA:117,1
DA:118,1
DA:119,1
DA:120,1
DA:121,1
DA:122,1
LH:122
LF:122
end_of_record
SF:test/lib/middlewares/layouts/layoutService.middleware.test.js
FN:24,layoutServiceMiddlewareTest
FN:25,anonymous_1
FN:26,anonymous_2
FN:43,anonymous_3
FN:62,anonymous_4
FNDA:1,layoutServiceMiddlewareTest
FNDA:1,anonymous_1
FNDA:1,anonymous_2
FNDA:1,anonymous_3
FNDA:1,anonymous_4
FNF:5
FNH:5
BRDA:1,0,0,1
BRDA:24,1,0,1
BRDA:25,2,0,1
BRDA:26,3,0,1
BRDA:43,4,0,1
BRDA:62,5,0,1
BRF:6
BRH:6
DA:1,1
DA:2,1
DA:3,1
DA:4,1
DA:5,1
DA:6,1
DA:7,1
DA:8,1
DA:9,1
DA:10,1
DA:11,1
DA:12,1
DA:13,1
DA:14,1
DA:15,1
DA:16,1
DA:17,1
DA:18,1
DA:19,1
DA:20,1
DA:21,1
DA:22,1
DA:23,1
DA:24,1
DA:25,1
DA:26,1
DA:27,1
DA:28,1
DA:29,1
DA:30,1
DA:31,1
DA:32,1
DA:33,1
DA:34,1
DA:35,1
DA:36,1
DA:37,1
DA:38,1
DA:39,1
DA:40,1
DA:41,1
DA:42,1
DA:43,1
DA:44,1
DA:45,1
DA:46,1
DA:47,1
DA:48,1
DA:49,1
DA:50,1
DA:51,1
DA:52,1
DA:53,1
DA:54,1
DA:55,1
DA:56,1
DA:57,1
DA:58,1
DA:59,1
DA:60,1
DA:61,1
DA:62,1
DA:63,1
DA:64,1
DA:65,1
DA:66,1
DA:67,1
DA:68,1
DA:69,1
DA:70,1
LH:70
LF:70
end_of_record
SF:test/lib/repositories/ChartRepository.test.js
FN:24,chartRepositoryTest
FN:25,anonymous_1
FN:29,anonymous_2
FN:35,anonymous_3
FN:39,anonymous_4
FN:40,anonymous_5
FN:48,anonymous_6
FN:49,anonymous_7
FN:52,anonymous_8
FN:53,anonymous_9
FNDA:1,chartRepositoryTest
FNDA:1,anonymous_1
FNDA:1,anonymous_2
FNDA:3,anonymous_3
FNDA:1,anonymous_4
FNDA:1,anonymous_5
FNDA:1,anonymous_6
FNDA:1,anonymous_7
FNDA:1,anonymous_8
FNDA:1,anonymous_9
FNF:10
FNH:10
BRDA:1,0,0,1
BRDA:24,1,0,1
BRDA:25,2,0,1
BRDA:29,3,0,1
BRDA:35,4,0,3
BRDA:39,5,0,1
BRDA:40,6,0,1
BRDA:48,7,0,1
BRDA:49,8,0,1
BRDA:52,9,0,1
BRDA:53,10,0,1
BRF:11
BRH:11
DA:1,1
DA:2,1
DA:3,1
DA:4,1
DA:5,1
DA:6,1
DA:7,1
DA:8,1
DA:9,1
DA:10,1
DA:11,1
DA:12,1
DA:13,1
DA:14,1
DA:15,1
DA:16,1
DA:17,1
DA:18,1
DA:19,1
DA:20,1
DA:21,1
DA:22,1
DA:23,1
DA:24,1
DA:25,1
DA:26,1
DA:27,1
DA:28,1
DA:29,1
DA:30,1
DA:31,1
DA:32,1
DA:33,1
DA:34,1
DA:35,1
DA:36,3
DA:37,1
DA:38,1
DA:39,1
DA:40,1
DA:41,1
DA:42,1
DA:43,1
DA:44,1
DA:45,1
DA:46,1
DA:47,1
DA:48,1
DA:49,1
DA:50,1
DA:51,1
DA:52,1
DA:53,1
DA:54,1
DA:55,1
DA:56,1
DA:57,1
LH:57
LF:57
end_of_record
SF:test/lib/repositories/LayoutRepository.test.js
FN:25,layoutRepositoryTest
FN:26,anonymous_1
FN:30,anonymous_2
FN:36,anonymous_3
FN:40,anonymous_4
FN:44,anonymous_5
FN:48,anonymous_6
FN:49,anonymous_7
FN:55,anonymous_8
FN:60,anonymous_9
FN:72,anonymous_10
FN:73,anonymous_11
FN:74,anonymous_12
FN:78,anonymous_13
FN:81,anonymous_14
FN:89,anonymous_15
FN:90,anonymous_16
FN:94,anonymous_17
FN:95,anonymous_18
FN:100,anonymous_19
FN:105,anonymous_20
FN:109,anonymous_21
FN:114,anonymous_22
FN:119,anonymous_23
FN:129,anonymous_24
FN:130,anonymous_25
FN:140,anonymous_26
FN:150,anonymous_27
FN:151,anonymous_28
FN:155,anonymous_29
FN:156,anonymous_30
FN:162,anonymous_31
FNDA:1,layoutRepositoryTest
FNDA:1,anonymous_1
FNDA:1,anonymous_2
FNDA:12,anonymous_3
FNDA:12,anonymous_4
FNDA:1,anonymous_5
FNDA:1,anonymous_6
FNDA:1,anonymous_7
FNDA:1,anonymous_8
FNDA:2,anonymous_9
FNDA:1,anonymous_10
FNDA:1,anonymous_11
FNDA:1,anonymous_12
FNDA:1,anonymous_13
FNDA:2,anonymous_14
FNDA:1,anonymous_15
FNDA:1,anonymous_16
FNDA:1,anonymous_17
FNDA:1,anonymous_18
FNDA:1,anonymous_19
FNDA:1,anonymous_20
FNDA:1,anonymous_21
FNDA:1,anonymous_22
FNDA:1,anonymous_23
FNDA:1,anonymous_24
FNDA:1,anonymous_25
FNDA:1,anonymous_26
FNDA:1,anonymous_27
FNDA:1,anonymous_28
FNDA:1,anonymous_29
FNDA:1,anonymous_30
FNDA:1,anonymous_31
FNF:32
FNH:32
BRDA:1,0,0,1
BRDA:25,1,0,1
BRDA:26,2,0,1
BRDA:30,3,0,1
BRDA:36,4,0,12
BRDA:40,5,0,12
BRDA:44,6,0,1
BRDA:48,7,0,1
BRDA:49,8,0,1
BRDA:55,9,0,1
BRDA:60,10,0,2
BRDA:72,11,0,1
BRDA:73,12,0,1
BRDA:74,13,0,1
BRDA:78,14,0,1
BRDA:81,15,0,2
BRDA:89,16,0,1
BRDA:90,17,0,1
BRDA:94,18,0,1
BRDA:95,19,0,1
BRDA:100,20,0,1
BRDA:105,21,0,1
BRDA:109,22,0,1
BRDA:114,23,0,1
BRDA:119,24,0,1
BRDA:129,25,0,1
BRDA:130,26,0,1
BRDA:140,27,0,1
BRDA:150,28,0,1
BRDA:151,29,0,1
BRDA:155,30,0,1
BRDA:156,31,0,1
BRDA:162,32,0,1
BRF:33
BRH:33
DA:1,1
DA:2,1
DA:3,1
DA:4,1
DA:5,1
DA:6,1
DA:7,1
DA:8,1
DA:9,1
DA:10,1
DA:11,1
DA:12,1
DA:13,1
DA:14,1
DA:15,1
DA:16,1
DA:17,1
DA:18,1
DA:19,1
DA:20,1
DA:21,1
DA:22,1
DA:23,1
DA:24,1
DA:25,1
DA:26,1
DA:27,1
DA:28,1
DA:29,1
DA:30,1
DA:31,1
DA:32,1
DA:33,1
DA:34,1
DA:35,1
DA:36,1
DA:37,12
DA:38,1
DA:39,1
DA:40,1
DA:41,12
DA:42,1
DA:43,1
DA:44,1
DA:45,1
DA:46,1
DA:47,1
DA:48,1
DA:49,1
DA:50,1
DA:51,1
DA:52,1
DA:53,1
DA:54,1
DA:55,1
DA:56,1
DA:57,1
DA:58,1
DA:59,1
DA:60,1
DA:61,2
DA:62,1
DA:63,1
DA:64,1
DA:65,1
DA:66,1
DA:67,1
DA:68,1
DA:69,1
DA:70,1
DA:71,1
DA:72,1
DA:73,1
DA:74,1
DA:75,1
DA:76,1
DA:77,1
DA:78,1
DA:79,1
DA:80,1
DA:81,1
DA:82,1
DA:83,1
DA:84,1
DA:85,1
DA:86,1
DA:87,1
DA:88,1
DA:89,1
DA:90,1
DA:91,1
DA:92,1
DA:93,1
DA:94,1
DA:95,1
DA:96,1
DA:97,1
DA:98,1
DA:99,1
DA:100,1
DA:101,1
DA:102,1
DA:103,1
DA:104,1
DA:105,1
DA:106,1
DA:107,1
DA:108,1
DA:109,1
DA:110,1
DA:111,1
DA:112,1
DA:113,1
DA:114,1
DA:115,1
DA:116,1
DA:117,1
DA:118,1
DA:119,1
DA:120,1
DA:121,1
DA:122,1
DA:123,1
DA:124,1
DA:125,1
DA:126,1
DA:127,1
DA:128,1
DA:129,1
DA:130,1
DA:131,1
DA:132,1
DA:133,1
DA:134,1
DA:135,1
DA:136,1
DA:137,1
DA:138,1
DA:139,1
DA:140,1
DA:141,1
DA:142,1
DA:143,1
DA:144,1
DA:145,1
DA:146,1
DA:147,1
DA:148,1
DA:149,1
DA:150,1
DA:151,1
DA:152,1
DA:153,1
DA:154,1
DA:155,1
DA:156,1
DA:157,1
DA:158,1
DA:159,1
DA:160,1
DA:161,1
DA:162,1
DA:163,1
DA:164,1
DA:165,1
DA:166,1
DA:167,1
DA:168,1
DA:169,1
DA:170,1
DA:171,1
DA:172,1
DA:173,1
LH:173
LF:173
end_of_record
SF:test/lib/repositories/UserRepository.test.js
FN:24,userRepositoryTest
FN:25,anonymous_1
FN:29,anonymous_2
FN:35,anonymous_3
FN:39,anonymous_4
FN:43,anonymous_5
FN:55,anonymous_6
FN:57,anonymous_7
FN:58,anonymous_8
FN:62,anonymous_9
FN:66,anonymous_10
FN:67,anonymous_11
FN:72,anonymous_12
FN:76,anonymous_13
FN:77,anonymous_14
FN:82,anonymous_15
FN:86,anonymous_16
FN:87,anonymous_17
FN:92,anonymous_18
FN:96,anonymous_19
FN:97,anonymous_20
FN:102,anonymous_21
FN:106,anonymous_22
FNDA:1,userRepositoryTest
FNDA:1,anonymous_1
FNDA:1,anonymous_2
FNDA:8,anonymous_3
FNDA:1,anonymous_4
FNDA:1,anonymous_5
FNDA:1,anonymous_6
FNDA:1,anonymous_7
FNDA:1,anonymous_8
FNDA:1,anonymous_9
FNDA:1,anonymous_10
FNDA:1,anonymous_11
FNDA:1,anonymous_12
FNDA:1,anonymous_13
FNDA:1,anonymous_14
FNDA:1,anonymous_15
FNDA:1,anonymous_16
FNDA:1,anonymous_17
FNDA:1,anonymous_18
FNDA:1,anonymous_19
FNDA:1,anonymous_20
FNDA:1,anonymous_21
FNDA:2,anonymous_22
FNF:23
FNH:23
BRDA:1,0,0,1
BRDA:24,1,0,1
BRDA:25,2,0,1
BRDA:29,3,0,1
BRDA:35,4,0,8
BRDA:39,5,0,1
BRDA:43,6,0,1
BRDA:55,7,0,1
BRDA:57,8,0,1
BRDA:58,9,0,1
BRDA:62,10,0,1
BRDA:66,11,0,1
BRDA:67,12,0,1
BRDA:72,13,0,1
BRDA:76,14,0,1
BRDA:77,15,0,1
BRDA:82,16,0,1
BRDA:86,17,0,1
BRDA:87,18,0,1
BRDA:92,19,0,1
BRDA:96,20,0,1
BRDA:97,21,0,1
BRDA:102,22,0,1
BRDA:106,23,0,2
BRF:24
BRH:24
DA:1,1
DA:2,1
DA:3,1
DA:4,1
DA:5,1
DA:6,1
DA:7,1
DA:8,1
DA:9,1
DA:10,1
DA:11,1
DA:12,1
DA:13,1
DA:14,1
DA:15,1
DA:16,1
DA:17,1
DA:18,1
DA:19,1
DA:20,1
DA:21,1
DA:22,1
DA:23,1
DA:24,1
DA:25,1
DA:26,1
DA:27,1
DA:28,1
DA:29,1
DA:30,1
DA:31,1
DA:32,1
DA:33,1
DA:34,1
DA:35,1
DA:36,8
DA:37,1
DA:38,1
DA:39,1
DA:40,1
DA:41,1
DA:42,1
DA:43,1
DA:44,1
DA:45,1
DA:46,1
DA:47,1
DA:48,1
DA:49,1
DA:50,1
DA:51,1
DA:52,1
DA:53,1
DA:54,1
DA:55,1
DA:56,1
DA:57,1
DA:58,1
DA:59,1
DA:60,1
DA:61,1
DA:62,1
DA:63,1
DA:64,1
DA:65,1
DA:66,1
DA:67,1
DA:68,1
DA:69,1
DA:70,1
DA:71,1
DA:72,1
DA:73,1
DA:74,1
DA:75,1
DA:76,1
DA:77,1
DA:78,1
DA:79,1
DA:80,1
DA:81,1
DA:82,1
DA:83,1
DA:84,1
DA:85,1
DA:86,1
DA:87,1
DA:88,1
DA:89,1
DA:90,1
DA:91,1
DA:92,1
DA:93,1
DA:94,1
DA:95,1
DA:96,1
DA:97,1
DA:98,1
DA:99,1
DA:100,1
DA:101,1
DA:102,1
DA:103,1
DA:104,1
DA:105,1
DA:106,1
DA:107,1
DA:108,1
DA:109,1
DA:110,1
DA:111,1
DA:112,1
DA:113,1
LH:113
LF:113
end_of_record
SF:test/lib/services/CcdbService.test.js
FN:32,ccdbServiceTestSuite
FN:33,anonymous_1
FN:34,anonymous_2
FN:36,anonymous_3
FN:37,anonymous_4
FN:46,anonymous_5
FN:55,anonymous_6
FN:65,anonymous_7
FN:69,anonymous_8
FN:75,anonymous_9
FN:88,anonymous_10
FN:92,anonymous_11
FN:96,anonymous_12
FN:97,anonymous_13
FN:100,anonymous_14
FN:105,anonymous_15
FN:124,anonymous_16
FN:143,anonymous_17
FN:149,anonymous_18
FN:153,anonymous_19
FN:154,anonymous_20
FN:170,anonymous_21
FN:181,anonymous_22
FN:182,anonymous_23
FN:185,anonymous_24
FN:189,anonymous_25
FN:193,anonymous_26
FN:198,anonymous_27
FN:203,anonymous_28
FN:210,anonymous_29
FN:215,anonymous_30
FN:223,anonymous_31
FN:228,anonymous_32
FN:240,anonymous_33
FN:242,anonymous_34
FN:246,anonymous_35
FN:247,anonymous_36
FN:248,anonymous_37
FN:249,anonymous_38
FN:250,anonymous_39
FN:251,anonymous_40
FN:254,anonymous_41
FN:263,anonymous_42
FN:272,anonymous_43
FN:281,anonymous_44
FN:290,anonymous_45
FN:299,anonymous_46
FN:303,anonymous_47
FN:306,anonymous_48
FN:311,anonymous_49
FN:314,anonymous_50
FN:319,anonymous_51
FN:322,anonymous_52
FN:327,anonymous_53
FN:331,anonymous_54
FN:333,anonymous_55
FN:337,anonymous_56
FN:342,anonymous_57
FN:349,anonymous_58
FN:351,anonymous_59
FN:355,anonymous_60
FN:364,anonymous_61
FNDA:1,ccdbServiceTestSuite
FNDA:1,anonymous_1
FNDA:1,anonymous_2
FNDA:1,anonymous_3
FNDA:1,anonymous_4
FNDA:1,anonymous_5
FNDA:1,anonymous_6
FNDA:1,anonymous_7
FNDA:1,anonymous_8
FNDA:1,anonymous_9
FNDA:1,anonymous_10
FNDA:1,anonymous_11
FNDA:1,anonymous_12
FNDA:1,anonymous_13
FNDA:1,anonymous_14
FNDA:1,anonymous_15
FNDA:1,anonymous_16
FNDA:1,anonymous_17
FNDA:1,anonymous_18
FNDA:1,anonymous_19
FNDA:1,anonymous_20
FNDA:1,anonymous_21
FNDA:1,anonymous_22
FNDA:1,anonymous_23
FNDA:1,anonymous_24
FNDA:1,anonymous_25
FNDA:1,anonymous_26
FNDA:1,anonymous_27
FNDA:1,anonymous_28
FNDA:1,anonymous_29
FNDA:1,anonymous_30
FNDA:1,anonymous_31
FNDA:1,anonymous_32
FNDA:1,anonymous_33
FNDA:1,anonymous_34
FNDA:1,anonymous_35
FNDA:1,anonymous_36
FNDA:1,anonymous_37
FNDA:1,anonymous_38
FNDA:1,anonymous_39
FNDA:1,anonymous_40
FNDA:1,anonymous_41
FNDA:1,anonymous_42
FNDA:1,anonymous_43
FNDA:1,anonymous_44
FNDA:1,anonymous_45
FNDA:1,anonymous_46
FNDA:1,anonymous_47
FNDA:1,anonymous_48
FNDA:1,anonymous_49
FNDA:1,anonymous_50
FNDA:1,anonymous_51
FNDA:1,anonymous_52
FNDA:1,anonymous_53
FNDA:1,anonymous_54
FNDA:1,anonymous_55
FNDA:1,anonymous_56
FNDA:1,anonymous_57
FNDA:1,anonymous_58
FNDA:1,anonymous_59
FNDA:1,anonymous_60
FNDA:1,anonymous_61
FNF:62
FNH:62
BRDA:1,0,0,1
BRDA:32,1,0,1
BRDA:33,2,0,1
BRDA:34,3,0,1
BRDA:36,4,0,1
BRDA:37,5,0,1
BRDA:46,6,0,1
BRDA:55,7,0,1
BRDA:65,8,0,1
BRDA:69,9,0,1
BRDA:75,10,0,1
BRDA:88,11,0,1
BRDA:92,12,0,1
BRDA:96,13,0,1
BRDA:97,14,0,1
BRDA:100,15,0,1
BRDA:105,16,0,1
BRDA:124,17,0,1
BRDA:143,18,0,1
BRDA:149,19,0,0
BRDA:149,20,0,1
BRDA:153,21,0,1
BRDA:154,22,0,1
BRDA:170,23,0,1
BRDA:181,24,0,1
BRDA:182,25,0,1
BRDA:185,26,0,1
BRDA:189,27,0,1
BRDA:193,28,0,1
BRDA:198,29,0,1
BRDA:203,30,0,1
BRDA:210,31,0,1
BRDA:215,32,0,1
BRDA:223,33,0,1
BRDA:228,34,0,1
BRDA:240,35,0,1
BRDA:242,36,0,1
BRDA:246,37,0,1
BRDA:247,38,0,1
BRDA:248,39,0,1
BRDA:249,40,0,1
BRDA:250,41,0,1
BRDA:251,42,0,1
BRDA:254,43,0,1
BRDA:263,44,0,1
BRDA:272,45,0,1
BRDA:281,46,0,1
BRDA:290,47,0,1
BRDA:299,48,0,1
BRDA:303,49,0,1
BRDA:306,50,0,1
BRDA:311,51,0,1
BRDA:314,52,0,1
BRDA:319,53,0,1
BRDA:322,54,0,1
BRDA:327,55,0,1
BRDA:331,56,0,1
BRDA:333,57,0,1
BRDA:337,58,0,1
BRDA:342,59,0,1
BRDA:349,60,0,1
BRDA:351,61,0,1
BRDA:355,62,0,1
BRDA:364,63,0,1
BRF:64
BRH:63
DA:1,1
DA:2,1
DA:3,1
DA:4,1
DA:5,1
DA:6,1
DA:7,1
DA:8,1
DA:9,1
DA:10,1
DA:11,1
DA:12,1
DA:13,1
DA:14,1
DA:15,1
DA:16,1
DA:17,1
DA:18,1
DA:19,1
DA:20,1
DA:21,1
DA:22,1
DA:23,1
DA:24,1
DA:25,1
DA:26,1
DA:27,1
DA:28,1
DA:29,1
DA:30,1
DA:31,1
DA:32,1
DA:33,1
DA:34,1
DA:35,1
DA:36,1
DA:37,1
DA:38,1
DA:39,1
DA:40,1
DA:41,1
DA:42,1
DA:43,1
DA:44,1
DA:45,1
DA:46,1
DA:47,1
DA:48,1
DA:49,1
DA:50,1
DA:51,1
DA:52,1
DA:53,1
DA:54,1
DA:55,1
DA:56,1
DA:57,1
DA:58,1
DA:59,1
DA:60,1
DA:61,1
DA:62,1
DA:63,1
DA:64,1
DA:65,1
DA:66,1
DA:67,1
DA:68,1
DA:69,1
DA:70,1
DA:71,1
DA:72,1
DA:73,1
DA:74,1
DA:75,1
DA:76,1
DA:77,1
DA:78,1
DA:79,1
DA:80,1
DA:81,1
DA:82,1
DA:83,1
DA:84,1
DA:85,1
DA:86,1
DA:87,1
DA:88,1
DA:89,1
DA:90,1
DA:91,1
DA:92,1
DA:93,1
DA:94,1
DA:95,1
DA:96,1
DA:97,1
DA:98,1
DA:99,1
DA:100,1
DA:101,1
DA:102,1
DA:103,1
DA:104,1
DA:105,1
DA:106,1
DA:107,1
DA:108,1
DA:109,1
DA:110,1
DA:111,1
DA:112,1
DA:113,1
DA:114,1
DA:115,1
DA:116,1
DA:117,1
DA:118,1
DA:119,1
DA:120,1
DA:121,1
DA:122,1
DA:123,1
DA:124,1
DA:125,1
DA:126,1
DA:127,1
DA:128,1
DA:129,1
DA:130,1
DA:131,1
DA:132,1
DA:133,1
DA:134,1
DA:135,1
DA:136,1
DA:137,1
DA:138,1
DA:139,1
DA:140,1
DA:141,1
DA:142,1
DA:143,1
DA:144,1
DA:145,1
DA:146,1
DA:147,1
DA:148,1
DA:149,1
DA:150,1
DA:151,1
DA:152,1
DA:153,1
DA:154,1
DA:155,1
DA:156,1
DA:157,1
DA:158,1
DA:159,1
DA:160,1
DA:161,1
DA:162,1
DA:163,1
DA:164,1
DA:165,1
DA:166,1
DA:167,1
DA:168,1
DA:169,1
DA:170,1
DA:171,1
DA:172,1
DA:173,1
DA:174,1
DA:175,1
DA:176,1
DA:177,1
DA:178,1
DA:179,1
DA:180,1
DA:181,1
DA:182,1
DA:183,1
DA:184,1
DA:185,1
DA:186,1
DA:187,1
DA:188,1
DA:189,1
DA:190,1
DA:191,1
DA:192,1
DA:193,1
DA:194,1
DA:195,1
DA:196,1
DA:197,1
DA:198,1
DA:199,1
DA:200,1
DA:201,1
DA:202,1
DA:203,1
DA:204,1
DA:205,1
DA:206,1
DA:207,1
DA:208,1
DA:209,1
DA:210,1
DA:211,1
DA:212,1
DA:213,1
DA:214,1
DA:215,1
DA:216,1
DA:217,1
DA:218,1
DA:219,1
DA:220,1
DA:221,1
DA:222,1
DA:223,1
DA:224,1
DA:225,1
DA:226,1
DA:227,1
DA:228,1
DA:229,1
DA:230,1
DA:231,1
DA:232,1
DA:233,1
DA:234,1
DA:235,1
DA:236,1
DA:237,1
DA:238,1
DA:239,1
DA:240,1
DA:241,1
DA:242,1
DA:243,1
DA:244,1
DA:245,1
DA:246,1
DA:247,1
DA:248,1
DA:249,1
DA:250,1
DA:251,1
DA:252,1
DA:253,1
DA:254,1
DA:255,1
DA:256,1
DA:257,1
DA:258,1
DA:259,1
DA:260,1
DA:261,1
DA:262,1
DA:263,1
DA:264,1
DA:265,1
DA:266,1
DA:267,1
DA:268,1
DA:269,1
DA:270,1
DA:271,1
DA:272,1
DA:273,1
DA:274,1
DA:275,1
DA:276,1
DA:277,1
DA:278,1
DA:279,1
DA:280,1
DA:281,1
DA:282,1
DA:283,1
DA:284,1
DA:285,1
DA:286,1
DA:287,1
DA:288,1
DA:289,1
DA:290,1
DA:291,1
DA:292,1
DA:293,1
DA:294,1
DA:295,1
DA:296,1
DA:297,1
DA:298,1
DA:299,1
DA:300,1
DA:301,1
DA:302,1
DA:303,1
DA:304,1
DA:305,1
DA:306,1
DA:307,1
DA:308,1
DA:309,1
DA:310,1
DA:311,1
DA:312,1
DA:313,1
DA:314,1
DA:315,1
DA:316,1
DA:317,1
DA:318,1
DA:319,1
DA:320,1
DA:321,1
DA:322,1
DA:323,1
DA:324,1
DA:325,1
DA:326,1
DA:327,1
DA:328,1
DA:329,1
DA:330,1
DA:331,1
DA:332,1
DA:333,1
DA:334,1
DA:335,1
DA:336,1
DA:337,1
DA:338,1
DA:339,1
DA:340,1
DA:341,1
DA:342,1
DA:343,1
DA:344,1
DA:345,1
DA:346,1
DA:347,1
DA:348,1
DA:349,1
DA:350,1
DA:351,1
DA:352,1
DA:353,1
DA:354,1
DA:355,1
DA:356,1
DA:357,1
DA:358,1
DA:359,1
DA:360,1
DA:361,1
DA:362,1
DA:363,1
DA:364,1
DA:365,1
DA:366,1
DA:367,1
DA:368,1
DA:369,1
DA:370,1
DA:371,1
DA:372,1
DA:373,1
DA:374,1
DA:375,1
DA:376,1
DA:377,1
DA:378,1
DA:379,1
LH:379
LF:379
end_of_record
SF:test/lib/services/JsonFileService.test.js
FN:21,jsonFileServiceTestSuite
FN:22,anonymous_1
FN:23,anonymous_2
FN:29,anonymous_3
FN:39,anonymous_4
FN:44,anonymous_5
FN:49,anonymous_6
FN:54,anonymous_7
FN:59,anonymous_8
FN:64,anonymous_9
FN:69,anonymous_10
FN:76,anonymous_11
FN:84,anonymous_12
FN:89,anonymous_13
FNDA:1,jsonFileServiceTestSuite
FNDA:1,anonymous_1
FNDA:6,anonymous_2
FNDA:6,anonymous_3
FNDA:1,anonymous_4
FNDA:1,anonymous_5
FNDA:1,anonymous_6
FNDA:1,anonymous_7
FNDA:1,anonymous_8
FNDA:1,anonymous_9
FNDA:1,anonymous_10
FNDA:1,anonymous_11
FNDA:1,anonymous_12
FNDA:1,anonymous_13
FNF:14
FNH:14
BRDA:1,0,0,1
BRDA:21,1,0,1
BRDA:22,2,0,1
BRDA:23,3,0,6
BRDA:29,4,0,6
BRDA:34,5,0,0
BRDA:39,6,0,1
BRDA:44,7,0,1
BRDA:49,8,0,1
BRDA:54,9,0,1
BRDA:59,10,0,1
BRDA:64,11,0,1
BRDA:69,12,0,1
BRDA:76,13,0,1
BRDA:84,14,0,1
BRDA:89,15,0,1
BRF:16
BRH:15
DA:1,1
DA:2,1
DA:3,1
DA:4,1
DA:5,1
DA:6,1
DA:7,1
DA:8,1
DA:9,1
DA:10,1
DA:11,1
DA:12,1
DA:13,1
DA:14,1
DA:15,1
DA:16,1
DA:17,1
DA:18,1
DA:19,1
DA:20,1
DA:21,1
DA:22,1
DA:23,1
DA:24,6
DA:25,6
DA:26,6
DA:27,1
DA:28,1
DA:29,1
DA:30,6
DA:31,6
DA:32,6
DA:33,6
DA:34,6
DA:35,0
DA:36,0
DA:37,1
DA:38,1
DA:39,1
DA:40,1
DA:41,1
DA:42,1
DA:43,1
DA:44,1
DA:45,1
DA:46,1
DA:47,1
DA:48,1
DA:49,1
DA:50,1
DA:51,1
DA:52,1
DA:53,1
DA:54,1
DA:55,1
DA:56,1
DA:57,1
DA:58,1
DA:59,1
DA:60,1
DA:61,1
DA:62,1
DA:63,1
DA:64,1
DA:65,1
DA:66,1
DA:67,1
DA:68,1
DA:69,1
DA:70,1
DA:71,1
DA:72,1
DA:73,1
DA:74,1
DA:75,1
DA:76,1
DA:77,1
DA:78,1
DA:79,1
DA:80,1
DA:81,1
DA:82,1
DA:83,1
DA:84,1
DA:85,1
DA:86,1
DA:87,1
DA:88,1
DA:89,1
DA:90,1
DA:91,1
DA:92,1
DA:93,1
DA:94,1
LH:92
LF:94
end_of_record
SF:test/lib/services/StatusService.test.js
FN:21,statusServiceTestSuite
FN:22,anonymous_1
FN:24,anonymous_2
FN:27,anonymous_3
FN:34,anonymous_4
FN:43,anonymous_5
FN:44,anonymous_6
FN:56,anonymous_7
FN:57,anonymous_8
FN:66,anonymous_9
FN:67,anonymous_10
FN:78,anonymous_11
FNDA:1,statusServiceTestSuite
FNDA:1,anonymous_1
FNDA:1,anonymous_2
FNDA:1,anonymous_3
FNDA:1,anonymous_4
FNDA:1,anonymous_5
FNDA:1,anonymous_6
FNDA:1,anonymous_7
FNDA:1,anonymous_8
FNDA:1,anonymous_9
FNDA:1,anonymous_10
FNDA:1,anonymous_11
FNF:12
FNH:12
BRDA:1,0,0,1
BRDA:21,1,0,1
BRDA:22,2,0,1
BRDA:24,3,0,1
BRDA:27,4,0,1
BRDA:34,5,0,1
BRDA:43,6,0,1
BRDA:44,7,0,1
BRDA:56,8,0,1
BRDA:57,9,0,1
BRDA:66,10,0,1
BRDA:67,11,0,1
BRDA:78,12,0,1
BRF:13
BRH:13
DA:1,1
DA:2,1
DA:3,1
DA:4,1
DA:5,1
DA:6,1
DA:7,1
DA:8,1
DA:9,1
DA:10,1
DA:11,1
DA:12,1
DA:13,1
DA:14,1
DA:15,1
DA:16,1
DA:17,1
DA:18,1
DA:19,1
DA:20,1
DA:21,1
DA:22,1
DA:23,1
DA:24,1
DA:25,1
DA:26,1
DA:27,1
DA:28,1
DA:29,1
DA:30,1
DA:31,1
DA:32,1
DA:33,1
DA:34,1
DA:35,1
DA:36,1
DA:37,1
DA:38,1
DA:39,1
DA:40,1
DA:41,1
DA:42,1
DA:43,1
DA:44,1
DA:45,1
DA:46,1
DA:47,1
DA:48,1
DA:49,1
DA:50,1
DA:51,1
DA:52,1
DA:53,1
DA:54,1
DA:55,1
DA:56,1
DA:57,1
DA:58,1
DA:59,1
DA:60,1
DA:61,1
DA:62,1
DA:63,1
DA:64,1
DA:65,1
DA:66,1
DA:67,1
DA:68,1
DA:69,1
DA:70,1
DA:71,1
DA:72,1
DA:73,1
DA:74,1
DA:75,1
DA:76,1
DA:77,1
DA:78,1
DA:79,1
DA:80,1
DA:81,1
DA:82,1
DA:83,1
DA:84,1
DA:85,1
DA:86,1
DA:87,1
DA:88,1
DA:89,1
LH:89
LF:89
end_of_record
SF:test/lib/utils/utils.test.js
FN:21,utilsTestSuite
FN:23,anonymous_1
FN:25,anonymous_2
FN:32,anonymous_3
FN:37,anonymous_4
FN:42,anonymous_5
FN:47,anonymous_6
FN:57,anonymous_7
FN:65,anonymous_8
FN:66,anonymous_9
FN:68,anonymous_10
FN:79,anonymous_11
FN:92,anonymous_12
FN:98,anonymous_13
FNDA:1,utilsTestSuite
FNDA:1,anonymous_1
FNDA:5,anonymous_2
FNDA:1,anonymous_3
FNDA:1,anonymous_4
FNDA:1,anonymous_5
FNDA:1,anonymous_6
FNDA:1,anonymous_7
FNDA:1,anonymous_8
FNDA:1,anonymous_9
FNDA:1,anonymous_10
FNDA:1,anonymous_11
FNDA:1,anonymous_12
FNDA:1,anonymous_13
FNF:14
FNH:14
BRDA:1,0,0,1
BRDA:21,1,0,1
BRDA:23,2,0,1
BRDA:25,3,0,5
BRDA:32,4,0,1
BRDA:37,5,0,1
BRDA:42,6,0,1
BRDA:47,7,0,1
BRDA:57,8,0,1
BRDA:65,9,0,1
BRDA:66,10,0,1
BRDA:68,11,0,1
BRDA:79,12,0,1
BRDA:92,13,0,1
BRDA:98,14,0,1
BRDA:99,15,0,0
BRF:16
BRH:15
DA:1,1
DA:2,1
DA:3,1
DA:4,1
DA:5,1
DA:6,1
DA:7,1
DA:8,1
DA:9,1
DA:10,1
DA:11,1
DA:12,1
DA:13,1
DA:14,1
DA:15,1
DA:16,1
DA:17,1
DA:18,1
DA:19,1
DA:20,1
DA:21,1
DA:22,1
DA:23,1
DA:24,1
DA:25,1
DA:26,5
DA:27,5
DA:28,5
DA:29,5
DA:30,1
DA:31,1
DA:32,1
DA:33,1
DA:34,1
DA:35,1
DA:36,1
DA:37,1
DA:38,1
DA:39,1
DA:40,1
DA:41,1
DA:42,1
DA:43,1
DA:44,1
DA:45,1
DA:46,1
DA:47,1
DA:48,1
DA:49,1
DA:50,1
DA:51,1
DA:52,1
DA:53,1
DA:54,1
DA:55,1
DA:56,1
DA:57,1
DA:58,1
DA:59,1
DA:60,1
DA:61,1
DA:62,1
DA:63,1
DA:64,1
DA:65,1
DA:66,1
DA:67,1
DA:68,1
DA:69,1
DA:70,1
DA:71,1
DA:72,1
DA:73,1
DA:74,1
DA:75,1
DA:76,1
DA:77,1
DA:78,1
DA:79,1
DA:80,1
DA:81,1
DA:82,1
DA:83,1
DA:84,1
DA:85,1
DA:86,1
DA:87,1
DA:88,1
DA:89,1
DA:90,1
DA:91,1
DA:92,1
DA:93,1
DA:94,1
DA:95,1
DA:96,1
DA:97,1
DA:98,1
DA:99,1
DA:100,1
DA:101,1
DA:102,1
DA:103,1
LH:103
LF:103
end_of_record
SF:test/public/components/qcDrawingOptions.test.js
FN:24,qcDrawingOptionsTests
FNDA:0,qcDrawingOptionsTests
FNF:1
FNH:0
BRDA:1,0,0,1
BRF:1
BRH:1
DA:1,1
DA:2,1
DA:3,1
DA:4,1
DA:5,1
DA:6,1
DA:7,1
DA:8,1
DA:9,1
DA:10,1
DA:11,1
DA:12,1
DA:13,1
DA:14,1
DA:15,1
DA:16,1
DA:17,1
DA:18,1
DA:19,1
DA:20,1
DA:21,1
DA:22,1
DA:23,1
DA:24,1
DA:25,0
DA:26,0
DA:27,0
DA:28,0
DA:29,0
DA:30,0
DA:31,0
DA:32,0
DA:33,0
DA:34,0
DA:35,0
DA:36,0
DA:37,0
DA:38,0
DA:39,0
DA:40,0
DA:41,0
DA:42,0
DA:43,0
DA:44,0
DA:45,0
DA:46,0
DA:47,0
DA:48,0
DA:49,0
DA:50,0
DA:51,0
DA:52,0
DA:53,0
DA:54,0
DA:55,0
DA:56,0
DA:57,0
DA:58,0
DA:59,0
DA:60,0
DA:61,0
DA:62,0
DA:63,0
DA:64,0
DA:65,0
DA:66,0
DA:67,0
DA:68,0
DA:69,0
DA:70,0
DA:71,0
DA:72,0
DA:73,0
DA:74,0
DA:75,0
DA:76,0
DA:77,0
DA:78,0
DA:79,0
DA:80,0
DA:81,0
DA:82,0
DA:83,0
DA:84,0
DA:85,0
DA:86,0
DA:87,0
DA:88,0
DA:89,0
DA:90,0
DA:91,0
DA:92,0
DA:93,0
DA:94,0
DA:95,0
DA:96,0
DA:97,0
DA:98,0
DA:99,0
DA:100,0
DA:101,0
DA:102,0
DA:103,0
DA:104,0
DA:105,0
DA:106,0
DA:107,0
DA:108,0
DA:109,0
DA:110,0
DA:111,0
DA:112,0
DA:113,0
DA:114,0
DA:115,0
DA:116,0
DA:117,0
DA:118,0
DA:119,0
DA:120,0
DA:121,0
DA:122,0
DA:123,0
DA:124,0
DA:125,0
DA:126,0
DA:127,0
DA:128,0
DA:129,0
DA:130,0
DA:131,0
DA:132,0
DA:133,0
DA:134,0
DA:135,0
DA:136,0
DA:137,0
DA:138,0
DA:139,0
DA:140,0
DA:141,0
DA:142,0
DA:143,0
DA:144,0
DA:145,0
DA:146,0
DA:147,0
DA:148,0
DA:149,0
DA:150,0
DA:151,0
DA:152,0
DA:153,0
DA:154,0
DA:155,0
DA:156,0
DA:157,0
DA:158,0
DA:159,0
DA:160,0
DA:161,0
DA:162,0
DA:163,0
DA:164,0
DA:165,0
DA:166,0
DA:167,0
DA:168,0
DA:169,0
DA:170,0
DA:171,0
DA:172,0
DA:173,0
DA:174,0
DA:175,0
DA:176,0
DA:177,0
DA:178,0
DA:179,0
DA:180,0
DA:181,0
DA:182,0
DA:183,0
DA:184,0
DA:185,0
DA:186,0
DA:187,0
DA:188,0
DA:189,0
DA:190,0
DA:191,0
DA:192,0
DA:193,0
DA:194,0
DA:195,0
DA:196,0
DA:197,0
DA:198,0
DA:199,0
DA:200,0
DA:201,0
DA:202,0
DA:203,0
DA:204,0
DA:205,0
DA:206,0
DA:207,0
DA:208,0
DA:209,0
DA:210,0
DA:211,0
DA:212,0
DA:213,0
DA:214,0
DA:215,0
DA:216,0
DA:217,0
DA:218,0
DA:219,0
DA:220,0
DA:221,0
DA:222,0
DA:223,0
DA:224,0
DA:225,0
DA:226,0
DA:227,0
DA:228,0
DA:229,0
DA:230,0
DA:231,0
DA:232,0
DA:233,0
DA:234,0
DA:235,0
DA:236,0
DA:237,0
DA:238,0
DA:239,0
DA:240,0
DA:241,0
DA:242,0
DA:243,0
DA:244,0
DA:245,0
DA:246,0
DA:247,0
DA:248,0
DA:249,0
DA:250,0
DA:251,0
DA:252,0
DA:253,0
DA:254,0
DA:255,0
DA:256,0
DA:257,0
DA:258,0
DA:259,0
DA:260,0
DA:261,0
DA:262,0
DA:263,0
DA:264,0
DA:265,0
DA:266,0
DA:267,0
DA:268,0
DA:269,0
DA:270,0
DA:271,0
DA:272,0
DA:273,0
DA:274,0
DA:275,0
DA:276,0
DA:277,0
DA:278,0
DA:279,0
DA:280,0
DA:281,0
DA:282,0
DA:283,0
DA:284,0
DA:285,0
DA:286,0
DA:287,0
DA:288,1
LH:25
LF:288
end_of_record
SF:test/public/initialPageSetup.test.js
FN:24,initialPageSetupTests
FN:25,anonymous_1
FN:34,anonymous_2
FN:42,anonymous_3
FN:43,anonymous_4
FN:47,anonymous_5
FN:48,anonymous_6
FN:49,anonymous_7
FNDA:1,initialPageSetupTests
FNDA:10,anonymous_1
FNDA:10,anonymous_2
FNDA:1,anonymous_3
FNDA:0,anonymous_4
FNDA:1,anonymous_5
FNDA:0,anonymous_6
FNDA:0,anonymous_7
FNF:8
FNH:5
BRDA:1,0,0,1
BRDA:24,1,0,1
BRDA:25,2,0,1
BRDA:27,3,0,10
BRDA:29,4,0,0
BRDA:36,5,0,0
BRDA:39,6,0,10
BRDA:34,7,0,10
BRDA:42,8,0,1
BRDA:47,9,0,1
BRDA:48,10,0,0
BRF:11
BRH:8
DA:1,1
DA:2,1
DA:3,1
DA:4,1
DA:5,1
DA:6,1
DA:7,1
DA:8,1
DA:9,1
DA:10,1
DA:11,1
DA:12,1
DA:13,1
DA:14,1
DA:15,1
DA:16,1
DA:17,1
DA:18,1
DA:19,1
DA:20,1
DA:21,1
DA:22,1
DA:23,1
DA:24,1
DA:25,1
DA:26,1
DA:27,1
DA:28,10
DA:29,10
DA:30,0
DA:31,10
DA:32,10
DA:33,10
DA:34,10
DA:35,10
DA:36,10
DA:37,0
DA:38,0
DA:39,10
DA:40,1
DA:41,1
DA:42,1
DA:43,1
DA:44,1
DA:45,1
DA:46,1
DA:47,1
DA:48,1
DA:49,0
DA:50,0
DA:51,0
DA:52,0
DA:53,1
DA:54,1
LH:47
LF:54
end_of_record
SF:test/public/pages/layout-list.test.js
FN:26,layoutListPageTests
FN:27,anonymous_1
FN:29,anonymous_2
FN:33,anonymous_3
FN:34,anonymous_4
FN:37,anonymous_5
FN:42,anonymous_6
FN:43,anonymous_7
FN:47,anonymous_8
FN:52,anonymous_9
FN:53,anonymous_10
FN:59,anonymous_11
FN:72,anonymous_12
FN:75,anonymous_13
FN:80,anonymous_14
FN:82,anonymous_15
FN:88,anonymous_16
FN:96,anonymous_17
FNDA:1,layoutListPageTests
FNDA:1,anonymous_1
FNDA:0,anonymous_2
FNDA:1,anonymous_3
FNDA:0,anonymous_4
FNDA:0,anonymous_5
FNDA:1,anonymous_6
FNDA:0,anonymous_7
FNDA:0,anonymous_8
FNDA:1,anonymous_9
FNDA:0,anonymous_10
FNDA:0,anonymous_11
FNDA:1,anonymous_12
FNDA:0,anonymous_13
FNDA:1,anonymous_14
FNDA:0,anonymous_15
FNDA:0,anonymous_16
FNDA:0,anonymous_17
FNF:18
FNH:7
BRDA:1,0,0,1
BRDA:26,1,0,1
BRDA:27,2,0,1
BRDA:28,3,0,0
BRDA:33,4,0,1
BRDA:34,5,0,0
BRDA:38,6,0,0
BRDA:42,7,0,1
BRDA:44,8,0,0
BRDA:48,9,0,0
BRDA:52,10,0,1
BRDA:54,11,0,0
BRDA:72,12,0,1
BRDA:73,13,0,0
BRDA:80,14,0,1
BRDA:82,15,0,0
BRF:16
BRH:8
DA:1,1
DA:2,1
DA:3,1
DA:4,1
DA:5,1
DA:6,1
DA:7,1
DA:8,1
DA:9,1
DA:10,1
DA:11,1
DA:12,1
DA:13,1
DA:14,1
DA:15,1
DA:16,1
DA:17,1
DA:18,1
DA:19,1
DA:20,1
DA:21,1
DA:22,1
DA:23,1
DA:24,1
DA:25,1
DA:26,1
DA:27,1
DA:28,1
DA:29,0
DA:30,0
DA:31,1
DA:32,1
DA:33,1
DA:34,1
DA:35,1
DA:36,1
DA:37,1
DA:38,1
DA:39,1
DA:40,1
DA:41,1
DA:42,1
DA:43,1
DA:44,1
DA:45,1
DA:46,1
DA:47,1
DA:48,1
DA:49,0
DA:50,1
DA:51,1
DA:52,1
DA:53,1
DA:54,1
DA:55,0
DA:56,0
DA:57,0
DA:58,0
DA:59,0
DA:60,0
DA:61,0
DA:62,0
DA:63,0
DA:64,0
DA:65,0
DA:66,0
DA:67,0
DA:68,0
DA:69,0
DA:70,1
DA:71,1
DA:72,1
DA:73,1
DA:74,0
DA:75,0
DA:76,0
DA:77,0
DA:78,1
DA:79,1
DA:80,1
DA:81,1
DA:82,1
DA:83,0
DA:84,0
DA:85,0
DA:86,0
DA:87,0
DA:88,0
DA:89,0
DA:90,0
DA:91,0
DA:92,0
DA:93,0
DA:94,0
DA:95,0
DA:96,0
DA:97,0
DA:98,0
DA:99,0
DA:100,1
DA:101,1
LH:62
LF:101
end_of_record
SF:test/public/pages/layout-show.test.js
FN:25,layoutShowTests
FN:30,anonymous_1
FN:32,anonymous_2
FN:40,anonymous_3
FN:42,anonymous_4
FN:50,anonymous_5
FN:51,anonymous_6
FN:60,anonymous_7
FN:61,anonymous_8
FN:67,anonymous_9
FN:72,anonymous_10
FN:89,anonymous_11
FN:93,anonymous_12
FN:111,anonymous_13
FN:115,anonymous_14
FN:123,anonymous_15
FN:124,anonymous_16
FN:135,anonymous_17
FN:137,anonymous_18
FN:145,anonymous_19
FN:147,anonymous_20
FN:155,anonymous_21
FN:157,anonymous_22
FN:165,anonymous_23
FN:168,anonymous_24
FN:184,anonymous_25
FN:193,anonymous_26
FN:195,anonymous_27
FN:202,anonymous_28
FN:210,anonymous_29
FN:213,anonymous_30
FN:222,anonymous_31
FN:226,anonymous_32
FN:243,anonymous_33
FN:247,anonymous_34
FN:255,anonymous_35
FN:265,anonymous_36
FN:272,anonymous_37
FN:294,anonymous_38
FN:295,anonymous_39
FN:309,anonymous_40
FN:321,anonymous_41
FN:333,anonymous_42
FN:337,anonymous_43
FN:349,anonymous_44
FN:365,anonymous_45
FN:375,checkInvalidJSON
FN:380,anonymous_47
FNDA:1,layoutShowTests
FNDA:1,anonymous_1
FNDA:0,anonymous_2
FNDA:1,anonymous_3
FNDA:0,anonymous_4
FNDA:1,anonymous_5
FNDA:0,anonymous_6
FNDA:1,anonymous_7
FNDA:0,anonymous_8
FNDA:1,anonymous_9
FNDA:0,anonymous_10
FNDA:1,anonymous_11
FNDA:0,anonymous_12
FNDA:1,anonymous_13
FNDA:0,anonymous_14
FNDA:1,anonymous_15
FNDA:0,anonymous_16
FNDA:1,anonymous_17
FNDA:0,anonymous_18
FNDA:1,anonymous_19
FNDA:0,anonymous_20
FNDA:1,anonymous_21
FNDA:0,anonymous_22
FNDA:1,anonymous_23
FNDA:0,anonymous_24
FNDA:1,anonymous_25
FNDA:1,anonymous_26
FNDA:0,anonymous_27
FNDA:1,anonymous_28
FNDA:1,anonymous_29
FNDA:0,anonymous_30
FNDA:1,anonymous_31
FNDA:0,anonymous_32
FNDA:1,anonymous_33
FNDA:0,anonymous_34
FNDA:1,anonymous_35
FNDA:1,anonymous_36
FNDA:0,anonymous_37
FNDA:1,anonymous_38
FNDA:0,anonymous_39
FNDA:1,anonymous_40
FNDA:1,anonymous_41
FNDA:1,anonymous_42
FNDA:0,anonymous_43
FNDA:1,anonymous_44
FNDA:0,anonymous_45
FNDA:2,checkInvalidJSON
FNDA:0,anonymous_47
FNF:48
FNH:27
BRDA:1,0,0,1
BRDA:25,1,0,1
BRDA:30,2,0,1
BRDA:31,3,0,0
BRDA:40,4,0,1
BRDA:42,5,0,0
BRDA:50,6,0,1
BRDA:52,7,0,0
BRDA:60,8,0,1
BRDA:67,9,0,1
BRDA:70,10,0,0
BRDA:89,11,0,1
BRDA:92,12,0,0
BRDA:111,13,0,1
BRDA:112,14,0,0
BRDA:123,15,0,1
BRDA:135,16,0,1
BRDA:137,17,0,0
BRDA:145,18,0,1
BRDA:147,19,0,0
BRDA:155,20,0,1
BRDA:157,21,0,0
BRDA:165,22,0,1
BRDA:167,23,0,0
BRDA:184,24,0,1
BRDA:186,25,0,0
BRDA:193,26,0,1
BRDA:202,27,0,1
BRDA:203,28,0,0
BRDA:210,29,0,1
BRDA:212,30,0,0
BRDA:222,31,0,1
BRDA:224,32,0,0
BRDA:243,33,0,1
BRDA:245,34,0,0
BRDA:255,35,0,1
BRDA:257,36,0,0
BRDA:265,37,0,1
BRDA:268,38,0,0
BRDA:294,39,0,1
BRDA:301,40,0,0
BRDA:309,41,0,1
BRDA:314,42,0,0
BRDA:321,43,0,1
BRDA:326,44,0,0
BRDA:333,45,0,1
BRDA:335,46,0,0
BRDA:349,47,0,1
BRDA:351,48,0,0
BRDA:375,49,0,2
BRDA:377,50,0,0
BRF:51
BRH:28
DA:1,1
DA:2,1
DA:3,1
DA:4,1
DA:5,1
DA:6,1
DA:7,1
DA:8,1
DA:9,1
DA:10,1
DA:11,1
DA:12,1
DA:13,1
DA:14,1
DA:15,1
DA:16,1
DA:17,1
DA:18,1
DA:19,1
DA:20,1
DA:21,1
DA:22,1
DA:23,1
DA:24,1
DA:25,1
DA:26,1
DA:27,1
DA:28,1
DA:29,1
DA:30,1
DA:31,1
DA:32,0
DA:33,0
DA:34,1
DA:35,1
DA:36,1
DA:37,1
DA:38,1
DA:39,1
DA:40,1
DA:41,1
DA:42,1
DA:43,0
DA:44,1
DA:45,1
DA:46,1
DA:47,1
DA:48,1
DA:49,1
DA:50,1
DA:51,1
DA:52,1
DA:53,0
DA:54,1
DA:55,1
DA:56,1
DA:57,1
DA:58,1
DA:59,1
DA:60,1
DA:61,1
DA:62,1
DA:63,1
DA:64,1
DA:65,1
DA:66,1
DA:67,1
DA:68,1
DA:69,1
DA:70,1
DA:71,0
DA:72,0
DA:73,0
DA:74,0
DA:75,0
DA:76,0
DA:77,0
DA:78,0
DA:79,0
DA:80,0
DA:81,0
DA:82,0
DA:83,0
DA:84,1
DA:85,1
DA:86,1
DA:87,1
DA:88,1
DA:89,1
DA:90,1
DA:91,1
DA:92,1
DA:93,0
DA:94,0
DA:95,0
DA:96,0
DA:97,0
DA:98,0
DA:99,0
DA:100,0
DA:101,0
DA:102,0
DA:103,0
DA:104,0
DA:105,1
DA:106,1
DA:107,1
DA:108,1
DA:109,1
DA:110,1
DA:111,1
DA:112,1
DA:113,0
DA:114,0
DA:115,0
DA:116,0
DA:117,1
DA:118,1
DA:119,1
DA:120,1
DA:121,1
DA:122,1
DA:123,1
DA:124,1
DA:125,0
DA:126,0
DA:127,1
DA:128,1
DA:129,1
DA:130,1
DA:131,1
DA:132,1
DA:133,1
DA:134,1
DA:135,1
DA:136,1
DA:137,1
DA:138,0
DA:139,1
DA:140,1
DA:141,1
DA:142,1
DA:143,1
DA:144,1
DA:145,1
DA:146,1
DA:147,1
DA:148,0
DA:149,1
DA:150,1
DA:151,1
DA:152,1
DA:153,1
DA:154,1
DA:155,1
DA:156,1
DA:157,1
DA:158,0
DA:159,1
DA:160,1
DA:161,1
DA:162,1
DA:163,1
DA:164,1
DA:165,1
DA:166,1
DA:167,1
DA:168,0
DA:169,0
DA:170,0
DA:171,0
DA:172,0
DA:173,0
DA:174,0
DA:175,0
DA:176,0
DA:177,0
DA:178,1
DA:179,1
DA:180,1
DA:181,1
DA:182,1
DA:183,1
DA:184,1
DA:185,1
DA:186,1
DA:187,1
DA:188,1
DA:189,1
DA:190,1
DA:191,1
DA:192,1
DA:193,1
DA:194,1
DA:195,1
DA:196,1
DA:197,1
DA:198,1
DA:199,1
DA:200,1
DA:201,1
DA:202,1
DA:203,1
DA:204,1
DA:205,1
DA:206,1
DA:207,1
DA:208,1
DA:209,1
DA:210,1
DA:211,1
DA:212,1
DA:213,0
DA:214,0
DA:215,0
DA:216,1
DA:217,1
DA:218,1
DA:219,1
DA:220,1
DA:221,1
DA:222,1
DA:223,1
DA:224,1
DA:225,0
DA:226,0
DA:227,0
DA:228,0
DA:229,0
DA:230,0
DA:231,0
DA:232,0
DA:233,0
DA:234,0
DA:235,0
DA:236,0
DA:237,1
DA:238,1
DA:239,1
DA:240,1
DA:241,1
DA:242,1
DA:243,1
DA:244,1
DA:245,1
DA:246,0
DA:247,0
DA:248,0
DA:249,1
DA:250,1
DA:251,1
DA:252,1
DA:253,1
DA:254,1
DA:255,1
DA:256,1
DA:257,1
DA:258,0
DA:259,1
DA:260,1
DA:261,1
DA:262,1
DA:263,1
DA:264,1
DA:265,1
DA:266,1
DA:267,1
DA:268,1
DA:269,0
DA:270,0
DA:271,0
DA:272,0
DA:273,0
DA:274,0
DA:275,0
DA:276,0
DA:277,0
DA:278,0
DA:279,0
DA:280,0
DA:281,0
DA:282,0
DA:283,0
DA:284,0
DA:285,0
DA:286,0
DA:287,0
DA:288,1
DA:289,1
DA:290,1
DA:291,1
DA:292,1
DA:293,1
DA:294,1
DA:295,1
DA:296,0
DA:297,0
DA:298,0
DA:299,0
DA:300,0
DA:301,1
DA:302,0
DA:303,1
DA:304,1
DA:305,1
DA:306,1
DA:307,1
DA:308,1
DA:309,1
DA:310,1
DA:311,1
DA:312,1
DA:313,1
DA:314,1
DA:315,1
DA:316,1
DA:317,1
DA:318,1
DA:319,1
DA:320,1
DA:321,1
DA:322,1
DA:323,1
DA:324,1
DA:325,1
DA:326,1
DA:327,1
DA:328,1
DA:329,1
DA:330,1
DA:331,1
DA:332,1
DA:333,1
DA:334,1
DA:335,1
DA:336,0
DA:337,0
DA:338,0
DA:339,0
DA:340,0
DA:341,0
DA:342,0
DA:343,1
DA:344,1
DA:345,1
DA:346,1
DA:347,1
DA:348,1
DA:349,1
DA:350,1
DA:351,1
DA:352,0
DA:353,0
DA:354,0
DA:355,0
DA:356,0
DA:357,0
DA:358,0
DA:359,0
DA:360,0
DA:361,0
DA:362,0
DA:363,0
DA:364,0
DA:365,0
DA:366,0
DA:367,0
DA:368,0
DA:369,0
DA:370,0
DA:371,1
DA:372,1
DA:373,1
DA:374,1
DA:375,1
DA:376,2
DA:377,2
DA:378,0
DA:379,0
DA:380,0
DA:381,0
DA:382,0
DA:383,0
DA:384,0
DA:385,0
DA:386,0
DA:387,0
DA:388,0
DA:389,0
DA:390,1
LH:260
LF:390
end_of_record
SF:test/public/pages/object-tree.test.js
FN:25,objectTreePageTests
FN:26,anonymous_1
FN:28,anonymous_2
FN:32,anonymous_3
FN:36,anonymous_4
FN:42,anonymous_5
FN:43,anonymous_6
FN:48,anonymous_7
FN:49,anonymous_8
FN:53,anonymous_9
FN:58,anonymous_10
FN:68,anonymous_11
FN:72,anonymous_12
FN:82,anonymous_13
FN:86,anonymous_14
FN:96,anonymous_15
FN:100,anonymous_16
FN:110,anonymous_17
FN:112,page.evaluate.timeout
FN:118,anonymous_19
FNDA:1,objectTreePageTests
FNDA:1,anonymous_1
FNDA:0,anonymous_2
FNDA:1,anonymous_3
FNDA:0,anonymous_4
FNDA:1,anonymous_5
FNDA:0,anonymous_6
FNDA:1,anonymous_7
FNDA:0,anonymous_8
FNDA:1,anonymous_9
FNDA:0,anonymous_10
FNDA:1,anonymous_11
FNDA:0,anonymous_12
FNDA:1,anonymous_13
FNDA:0,anonymous_14
FNDA:1,anonymous_15
FNDA:0,anonymous_16
FNDA:1,anonymous_17
FNDA:0,page.evaluate.timeout
FNDA:0,anonymous_19
FNF:20
FNH:10
BRDA:1,0,0,1
BRDA:25,1,0,1
BRDA:26,2,0,1
BRDA:27,3,0,0
BRDA:32,4,0,1
BRDA:34,5,0,0
BRDA:42,6,0,1
BRDA:44,7,0,0
BRDA:48,8,0,1
BRDA:49,9,0,0
BRDA:53,10,0,1
BRDA:54,11,0,0
BRDA:68,12,0,1
BRDA:69,13,0,0
BRDA:82,14,0,1
BRDA:83,15,0,0
BRDA:96,16,0,1
BRDA:97,17,0,0
BRDA:110,18,0,1
BRDA:111,19,0,0
BRF:20
BRH:11
DA:1,1
DA:2,1
DA:3,1
DA:4,1
DA:5,1
DA:6,1
DA:7,1
DA:8,1
DA:9,1
DA:10,1
DA:11,1
DA:12,1
DA:13,1
DA:14,1
DA:15,1
DA:16,1
DA:17,1
DA:18,1
DA:19,1
DA:20,1
DA:21,1
DA:22,1
DA:23,1
DA:24,1
DA:25,1
DA:26,1
DA:27,1
DA:28,0
DA:29,0
DA:30,1
DA:31,1
DA:32,1
DA:33,1
DA:34,1
DA:35,0
DA:36,0
DA:37,0
DA:38,0
DA:39,0
DA:40,1
DA:41,1
DA:42,1
DA:43,1
DA:44,1
DA:45,0
DA:46,1
DA:47,1
DA:48,1
DA:49,1
DA:50,0
DA:51,1
DA:52,1
DA:53,1
DA:54,1
DA:55,0
DA:56,0
DA:57,0
DA:58,0
DA:59,0
DA:60,0
DA:61,0
DA:62,0
DA:63,0
DA:64,0
DA:65,0
DA:66,1
DA:67,1
DA:68,1
DA:69,1
DA:70,0
DA:71,0
DA:72,0
DA:73,0
DA:74,0
DA:75,0
DA:76,0
DA:77,0
DA:78,0
DA:79,0
DA:80,1
DA:81,1
DA:82,1
DA:83,1
DA:84,0
DA:85,0
DA:86,0
DA:87,0
DA:88,0
DA:89,0
DA:90,0
DA:91,0
DA:92,0
DA:93,0
DA:94,1
DA:95,1
DA:96,1
DA:97,1
DA:98,0
DA:99,0
DA:100,0
DA:101,0
DA:102,0
DA:103,0
DA:104,0
DA:105,0
DA:106,0
DA:107,0
DA:108,1
DA:109,1
DA:110,1
DA:111,1
DA:112,0
DA:113,0
DA:114,0
DA:115,0
DA:116,0
DA:117,0
DA:118,0
DA:119,0
DA:120,0
DA:121,0
DA:122,0
DA:123,0
DA:124,1
DA:125,1
LH:63
LF:125
end_of_record
SF:test/public/pages/object-view-from-layout-show.test.js
FN:19,objectViewFromLayoutShowTests
FN:23,anonymous_1
FN:25,anonymous_2
FN:34,anonymous_3
FN:38,anonymous_4
FN:50,anonymous_5
FN:56,anonymous_6
FN:74,anonymous_7
FN:77,anonymous_8
FN:83,anonymous_9
FN:91,anonymous_10
FN:98,anonymous_11
FNDA:1,objectViewFromLayoutShowTests
FNDA:1,anonymous_1
FNDA:0,anonymous_2
FNDA:0,anonymous_3
FNDA:0,anonymous_4
FNDA:1,anonymous_5
FNDA:0,anonymous_6
FNDA:1,anonymous_7
FNDA:0,anonymous_8
FNDA:0,anonymous_9
FNDA:1,anonymous_10
FNDA:0,anonymous_11
FNF:12
FNH:5
BRDA:1,0,0,1
BRDA:19,1,0,1
BRDA:23,2,0,1
BRDA:24,3,0,0
BRDA:50,4,0,1
BRDA:54,5,0,0
BRDA:74,6,0,1
BRDA:78,7,0,0
BRDA:91,8,0,1
BRDA:97,9,0,0
BRF:10
BRH:6
DA:1,1
DA:2,1
DA:3,1
DA:4,1
DA:5,1
DA:6,1
DA:7,1
DA:8,1
DA:9,1
DA:10,1
DA:11,1
DA:12,1
DA:13,1
DA:14,1
DA:15,1
DA:16,1
DA:17,1
DA:18,1
DA:19,1
DA:20,1
DA:21,1
DA:22,1
DA:23,1
DA:24,1
DA:25,0
DA:26,0
DA:27,0
DA:28,0
DA:29,0
DA:30,0
DA:31,0
DA:32,0
DA:33,0
DA:34,0
DA:35,0
DA:36,0
DA:37,0
DA:38,0
DA:39,0
DA:40,0
DA:41,0
DA:42,0
DA:43,0
DA:44,1
DA:45,1
DA:46,1
DA:47,1
DA:48,1
DA:49,1
DA:50,1
DA:51,1
DA:52,1
DA:53,1
DA:54,1
DA:55,0
DA:56,0
DA:57,0
DA:58,0
DA:59,0
DA:60,0
DA:61,0
DA:62,0
DA:63,0
DA:64,0
DA:65,0
DA:66,0
DA:67,0
DA:68,1
DA:69,1
DA:70,1
DA:71,1
DA:72,1
DA:73,1
DA:74,1
DA:75,1
DA:76,1
DA:77,1
DA:78,1
DA:79,0
DA:80,0
DA:81,0
DA:82,0
DA:83,0
DA:84,0
DA:85,1
DA:86,1
DA:87,1
DA:88,1
DA:89,1
DA:90,1
DA:91,1
DA:92,1
DA:93,1
DA:94,1
DA:95,1
DA:96,1
DA:97,1
DA:98,0
DA:99,0
DA:100,0
DA:101,0
DA:102,0
DA:103,0
DA:104,0
DA:105,0
DA:106,0
DA:107,0
DA:108,0
DA:109,0
DA:110,1
DA:111,1
DA:112,1
LH:62
LF:112
end_of_record
SF:test/public/pages/object-view-from-object-tree.test.js
FN:17,objectViewFromObjectTreeTests
FN:18,anonymous_1
FN:20,anonymous_2
FN:29,anonymous_3
FN:33,anonymous_4
FN:44,anonymous_5
FN:47,anonymous_6
FN:58,anonymous_7
FN:64,anonymous_8
FN:73,anonymous_9
FN:76,anonymous_10
FN:91,anonymous_11
FN:99,anonymous_12
FNDA:1,objectViewFromObjectTreeTests
FNDA:1,anonymous_1
FNDA:0,anonymous_2
FNDA:0,anonymous_3
FNDA:0,anonymous_4
FNDA:1,anonymous_5
FNDA:0,anonymous_6
FNDA:1,anonymous_7
FNDA:0,anonymous_8
FNDA:1,anonymous_9
FNDA:0,anonymous_10
FNDA:1,anonymous_11
FNDA:0,anonymous_12
FNF:13
FNH:6
BRDA:1,0,0,1
BRDA:17,1,0,1
BRDA:18,2,0,1
BRDA:19,3,0,0
BRDA:44,4,0,1
BRDA:50,5,0,0
BRDA:58,6,0,1
BRDA:60,7,0,0
BRDA:73,8,0,1
BRDA:75,9,0,0
BRDA:91,10,0,1
BRDA:95,11,0,0
BRF:12
BRH:7
DA:1,1
DA:2,1
DA:3,1
DA:4,1
DA:5,1
DA:6,1
DA:7,1
DA:8,1
DA:9,1
DA:10,1
DA:11,1
DA:12,1
DA:13,1
DA:14,1
DA:15,1
DA:16,1
DA:17,1
DA:18,1
DA:19,1
DA:20,0
DA:21,0
DA:22,0
DA:23,0
DA:24,0
DA:25,0
DA:26,0
DA:27,0
DA:28,0
DA:29,0
DA:30,0
DA:31,0
DA:32,0
DA:33,0
DA:34,0
DA:35,0
DA:36,0
DA:37,0
DA:38,0
DA:39,1
DA:40,1
DA:41,1
DA:42,1
DA:43,1
DA:44,1
DA:45,1
DA:46,1
DA:47,1
DA:48,0
DA:49,0
DA:50,1
DA:51,0
DA:52,0
DA:53,1
DA:54,1
DA:55,1
DA:56,1
DA:57,1
DA:58,1
DA:59,1
DA:60,1
DA:61,0
DA:62,0
DA:63,0
DA:64,0
DA:65,0
DA:66,0
DA:67,0
DA:68,1
DA:69,1
DA:70,1
DA:71,1
DA:72,1
DA:73,1
DA:74,1
DA:75,1
DA:76,0
DA:77,0
DA:78,0
DA:79,0
DA:80,0
DA:81,0
DA:82,0
DA:83,0
DA:84,0
DA:85,0
DA:86,0
DA:87,1
DA:88,1
DA:89,1
DA:90,1
DA:91,1
DA:92,1
DA:93,1
DA:94,1
DA:95,1
DA:96,0
DA:97,0
DA:98,0
DA:99,0
DA:100,0
DA:101,0
DA:102,0
DA:103,0
DA:104,0
DA:105,0
DA:106,0
DA:107,0
DA:108,0
DA:109,0
DA:110,0
DA:111,0
DA:112,1
DA:113,1
LH:56
LF:113
end_of_record
SF:test/setup/seeders/layout-show/json-file-mock.js
FNF:0
FNH:0
BRDA:1,0,0,1
BRF:1
BRH:1
DA:1,1
DA:2,1
DA:3,1
DA:4,1
DA:5,1
DA:6,1
DA:7,1
DA:8,1
DA:9,1
DA:10,1
DA:11,1
DA:12,1
DA:13,1
DA:14,1
DA:15,1
DA:16,1
DA:17,1
DA:18,1
DA:19,1
DA:20,1
DA:21,1
DA:22,1
DA:23,1
DA:24,1
DA:25,1
DA:26,1
DA:27,1
DA:28,1
DA:29,1
DA:30,1
DA:31,1
DA:32,1
LH:32
LF:32
end_of_record
SF:test/setup/testRepositorySetup.js
FN:20,initTest
FNDA:3,initTest
FNF:1
FNH:1
BRDA:1,0,0,1
BRDA:20,1,0,3
BRDA:32,2,0,0
BRDA:35,3,0,0
BRDA:38,4,0,0
BRDA:41,5,0,0
BRF:6
BRH:2
DA:1,1
DA:2,1
DA:3,1
DA:4,1
DA:5,1
DA:6,1
DA:7,1
DA:8,1
DA:9,1
DA:10,1
DA:11,1
DA:12,1
DA:13,1
DA:14,1
DA:15,1
DA:16,1
DA:17,1
DA:18,1
DA:19,1
DA:20,1
DA:21,3
DA:22,3
DA:23,3
DA:24,3
DA:25,3
DA:26,3
DA:27,3
DA:28,3
DA:29,3
DA:30,3
DA:31,3
DA:32,3
DA:33,0
DA:34,0
DA:35,3
DA:36,0
DA:37,0
DA:38,3
DA:39,0
DA:40,0
DA:41,3
DA:42,0
DA:43,0
DA:44,0
DA:45,3
DA:46,3
DA:47,3
DA:48,3
DA:49,3
DA:50,3
DA:51,3
DA:52,1
LH:43
LF:52
end_of_record
SF:test/setup/testServerSetup.js
FN:28,setupServerForIntegrationTests
FN:41,anonymous_1
FN:44,anonymous_2
FN:58,anonymous_3
FN:62,anonymous_4
FN:65,anonymous_5
FN:68,anonymous_6
FN:83,terminateSessionAndLog
FN:100,copyMockDataFileToUse
FNDA:1,setupServerForIntegrationTests
FNDA:39,anonymous_1
FNDA:1,anonymous_2
FNDA:1,anonymous_3
FNDA:0,anonymous_4
FNDA:0,anonymous_5
FNDA:1,anonymous_6
FNDA:1,terminateSessionAndLog
FNDA:1,copyMockDataFileToUse
FNF:9
FNH:7
BRDA:1,0,0,1
BRDA:28,1,0,1
BRDA:53,2,0,0
BRDA:41,3,0,39
BRDA:44,4,0,1
BRDA:58,5,0,1
BRDA:68,6,0,1
BRDA:69,7,0,0
BRDA:83,8,0,1
BRDA:100,9,0,1
BRDA:105,10,0,0
BRF:11
BRH:8
DA:1,1
DA:2,1
DA:3,1
DA:4,1
DA:5,1
DA:6,1
DA:7,1
DA:8,1
DA:9,1
DA:10,1
DA:11,1
DA:12,1
DA:13,1
DA:14,1
DA:15,1
DA:16,1
DA:17,1
DA:18,1
DA:19,1
DA:20,1
DA:21,1
DA:22,1
DA:23,1
DA:24,1
DA:25,1
DA:26,1
DA:27,1
DA:28,1
DA:29,1
DA:30,1
DA:31,1
DA:32,1
DA:33,1
DA:34,1
DA:35,1
DA:36,1
DA:37,1
DA:38,1
DA:39,1
DA:40,1
DA:41,1
DA:42,39
DA:43,1
DA:44,1
DA:45,1
DA:46,1
DA:47,1
DA:48,1
DA:49,1
DA:50,1
DA:51,1
DA:52,1
DA:53,1
DA:54,0
DA:55,0
DA:56,1
DA:57,1
DA:58,1
DA:59,1
DA:60,1
DA:61,1
DA:62,1
DA:63,0
DA:64,1
DA:65,1
DA:66,0
DA:67,1
DA:68,1
DA:69,1
DA:70,0
DA:71,0
DA:72,1
DA:73,1
DA:74,1
DA:75,1
DA:76,1
DA:77,1
DA:78,1
DA:79,1
DA:80,1
DA:81,1
DA:82,1
DA:83,1
DA:84,1
DA:85,1
DA:86,1
DA:87,1
DA:88,1
DA:89,1
DA:90,1
DA:91,1
DA:92,1
DA:93,1
DA:94,1
DA:95,1
DA:96,1
DA:97,1
DA:98,1
DA:99,1
DA:100,1
DA:101,1
DA:102,1
DA:103,1
DA:104,1
DA:105,1
DA:106,0
DA:107,0
DA:108,1
DA:109,1
DA:110,1
LH:102
LF:110
end_of_record
SF:test/test-index.js
FN:88,anonymous_0
FN:89,anonymous_1
FN:96,before.timeout
FN:100,anonymous_3
FN:106,anonymous_4
FN:110,anonymous_5
FN:116,anonymous_6
FN:122,anonymous_7
FN:128,anonymous_8
FN:134,anonymous_9
FN:140,anonymous_10
FN:146,anonymous_11
FN:147,anonymous_12
FN:148,anonymous_13
FN:151,anonymous_14
FN:152,anonymous_15
FN:153,anonymous_16
FN:156,anonymous_17
FN:157,anonymous_18
FN:158,anonymous_19
FN:159,anonymous_20
FN:162,anonymous_21
FN:163,anonymous_22
FN:164,anonymous_23
FN:165,anonymous_24
FN:168,anonymous_25
FN:169,anonymous_26
FN:170,anonymous_27
FN:171,anonymous_28
FN:174,anonymous_29
FN:175,anonymous_30
FN:176,anonymous_31
FN:178,anonymous_32
FN:181,anonymous_33
FNDA:1,anonymous_0
FNDA:1,anonymous_1
FNDA:1,before.timeout
FNDA:1,anonymous_3
FNDA:1,anonymous_4
FNDA:0,anonymous_5
FNDA:1,anonymous_6
FNDA:1,anonymous_7
FNDA:1,anonymous_8
FNDA:1,anonymous_9
FNDA:1,anonymous_10
FNDA:1,anonymous_11
FNDA:1,anonymous_12
FNDA:1,anonymous_13
FNDA:1,anonymous_14
FNDA:1,anonymous_15
FNDA:1,anonymous_16
FNDA:1,anonymous_17
FNDA:1,anonymous_18
FNDA:1,anonymous_19
FNDA:1,anonymous_20
FNDA:1,anonymous_21
FNDA:1,anonymous_22
FNDA:1,anonymous_23
FNDA:1,anonymous_24
FNDA:1,anonymous_25
FNDA:1,anonymous_26
FNDA:1,anonymous_27
FNDA:1,anonymous_28
FNDA:1,anonymous_29
FNDA:1,anonymous_30
FNDA:1,anonymous_31
FNDA:1,anonymous_32
FNDA:1,anonymous_33
FNF:34
FNH:33
BRDA:1,0,0,1
BRDA:88,1,0,1
BRDA:89,2,0,1
BRDA:96,3,0,1
BRDA:100,4,0,1
BRDA:106,5,0,1
BRDA:116,6,0,1
BRDA:122,7,0,1
BRDA:128,8,0,1
BRDA:134,9,0,1
BRDA:140,10,0,1
BRDA:146,11,0,1
BRDA:147,12,0,1
BRDA:148,13,0,1
BRDA:151,14,0,1
BRDA:152,15,0,1
BRDA:153,16,0,1
BRDA:156,17,0,1
BRDA:157,18,0,1
BRDA:158,19,0,1
BRDA:159,20,0,1
BRDA:162,21,0,1
BRDA:163,22,0,1
BRDA:164,23,0,1
BRDA:165,24,0,1
BRDA:168,25,0,1
BRDA:169,26,0,1
BRDA:170,27,0,1
BRDA:171,28,0,1
BRDA:174,29,0,1
BRDA:175,30,0,1
BRDA:176,31,0,1
BRDA:178,32,0,1
BRDA:181,33,0,1
BRF:34
BRH:34
DA:1,1
DA:2,1
DA:3,1
DA:4,1
DA:5,1
DA:6,1
DA:7,1
DA:8,1
DA:9,1
DA:10,1
DA:11,1
DA:12,1
DA:13,1
DA:14,1
DA:15,1
DA:16,1
DA:17,1
DA:18,1
DA:19,1
DA:20,1
DA:21,1
DA:22,1
DA:23,1
DA:24,1
DA:25,1
DA:26,1
DA:27,1
DA:28,1
DA:29,1
DA:30,1
DA:31,1
DA:32,1
DA:33,1
DA:34,1
DA:35,1
DA:36,1
DA:37,1
DA:38,1
DA:39,1
DA:40,1
DA:41,1
DA:42,1
DA:43,1
DA:44,1
DA:45,1
DA:46,1
DA:47,1
DA:48,1
DA:49,1
DA:50,1
DA:51,1
DA:52,1
DA:53,1
DA:54,1
DA:55,1
DA:56,1
DA:57,1
DA:58,1
DA:59,1
DA:60,1
DA:61,1
DA:62,1
DA:63,1
DA:64,1
DA:65,1
DA:66,1
DA:67,1
DA:68,1
DA:69,1
DA:70,1
DA:71,1
DA:72,1
DA:73,1
DA:74,1
DA:75,1
DA:76,1
DA:77,1
DA:78,1
DA:79,1
DA:80,1
DA:81,1
DA:82,1
DA:83,1
DA:84,1
DA:85,1
DA:86,1
DA:87,1
DA:88,1
DA:89,1
DA:90,1
DA:91,1
DA:92,1
DA:93,1
DA:94,1
DA:95,1
DA:96,1
DA:97,1
DA:98,1
DA:99,1
DA:100,1
DA:101,1
DA:102,1
DA:103,1
DA:104,1
DA:105,1
DA:106,1
DA:107,1
DA:108,1
DA:109,1
DA:110,1
DA:111,1
DA:112,1
DA:113,1
DA:114,1
DA:115,1
DA:116,1
DA:117,1
DA:118,1
DA:119,1
DA:120,1
DA:121,1
DA:122,1
DA:123,1
DA:124,1
DA:125,1
DA:126,1
DA:127,1
DA:128,1
DA:129,1
DA:130,1
DA:131,1
DA:132,1
DA:133,1
DA:134,1
DA:135,1
DA:136,1
DA:137,1
DA:138,1
DA:139,1
DA:140,1
DA:141,1
DA:142,1
DA:143,1
DA:144,1
DA:145,1
DA:146,1
DA:147,1
DA:148,1
DA:149,1
DA:150,1
DA:151,1
DA:152,1
DA:153,1
DA:154,1
DA:155,1
DA:156,1
DA:157,1
DA:158,1
DA:159,1
DA:160,1
DA:161,1
DA:162,1
DA:163,1
DA:164,1
DA:165,1
DA:166,1
DA:167,1
DA:168,1
DA:169,1
DA:170,1
DA:171,1
DA:172,1
DA:173,1
DA:174,1
DA:175,1
DA:176,1
DA:177,1
DA:178,1
DA:179,1
DA:180,1
DA:181,1
DA:182,1
DA:183,1
DA:184,1
LH:184
LF:184
end_of_record
SF:test/testUtils/delay.js
FN:19,delay
FNDA:0,delay
FNF:1
FNH:0
BRDA:1,0,0,1
BRF:1
BRH:1
DA:1,1
DA:2,1
DA:3,1
DA:4,1
DA:5,1
DA:6,1
DA:7,1
DA:8,1
DA:9,1
DA:10,1
DA:11,1
DA:12,1
DA:13,1
DA:14,1
DA:15,1
DA:16,1
DA:17,1
DA:18,1
DA:19,1
LH:19
LF:19
end_of_record
